/edatools/cdnc/XCELIUM2309/tools.lnx86/inca/bin/64bit/xmsim
Obtained 20 stack frames.
/edatools/cdnc/XCELIUM2309/tools.lnx86/inca/bin/64bit/../../../lib/64bit/libcbreakpad.so(_Z13use_backtracev+0x9d) [0x7f7c5cdc81a3]
/edatools/cdnc/XCELIUM2309/tools.lnx86/inca/bin/64bit/../../../lib/64bit/libcbreakpad.so(cbpad_generate_dump_on_demand+0x66) [0x7f7c5cdc8630]
xmsim() [0x1b74039]
xmsim(serror+0x95) [0x1b75de5]
xmsim() [0xcb7ce4]
/lib64/libpthread.so.0(+0xf630) [0x7f7c5e7c9630]
/lib64/libc.so.6(gsignal+0x37) [0x7f7c5df02387]
/lib64/libc.so.6(abort+0x148) [0x7f7c5df03a78]
/edatools/cdnc/XCELIUM2309/tools.lnx86/inca/bin/64bit/../../../lib/64bit/libstdc++.so.6(+0x9a663) [0x7f7c5ecba663]
/edatools/cdnc/XCELIUM2309/tools.lnx86/inca/bin/64bit/../../../lib/64bit/libstdc++.so.6(+0xa6096) [0x7f7c5ecc6096]
/edatools/cdnc/XCELIUM2309/tools.lnx86/inca/bin/64bit/../../../lib/64bit/libstdc++.so.6(+0xa6101) [0x7f7c5ecc6101]
/edatools/cdnc/XCELIUM2309/tools.lnx86/inca/bin/64bit/../../../lib/64bit/libstdc++.so.6(+0xa608b) [0x7f7c5ecc608b]
/edatools/cdnc/XCELIUM2309/tools/lib/64bit/libtbb.so.2(+0x28b28) [0x7f7c56061b28]
/edatools/cdnc/XCELIUM2309/tools/lib/64bit/libtbb.so.2(+0x262aa) [0x7f7c5605f2aa]
/edatools/cdnc/XCELIUM2309/tools/lib/64bit/libtbb.so.2(_ZN3tbb8pipeline3runEmRNS_18task_group_contextE+0xc9) [0x7f7c56051bd9]
/edatools/cdnc/XCELIUM2309/tools/lib/64bit/libtbb.so.2(_ZN3tbb8pipeline3runEm+0x67) [0x7f7c56051ac7]
/edatools/cdnc/XCELIUM2309/tools/lib/64bit/libtbbshm.so(_ZN6tbbshm15PipelineManager3runEv+0xe1) [0x7f7c562a3fc1]
/edatools/cdnc/XCELIUM2309/tools/lib/64bit/libtbbshm.so(_ZN3tbb8internal16thread_closure_0IPFvvEE13start_routineEPv+0x6) [0x7f7c562a4116]
/lib64/libpthread.so.0(+0x7ea5) [0x7f7c5e7c1ea5]
/lib64/libc.so.6(clone+0x6d) [0x7f7c5dfcab0d]
