2025-02-18 22:12:59.972090 (48659) main____ INFO    ----------------------------------------
2025-02-18 22:12:59.972166 (48659) main____ INFO    Jasper version info
2025-02-18 22:12:59.972175 (48659) main____ INFO      tool      : Jasper 2023.09
2025-02-18 22:12:59.972183 (48659) main____ INFO      version   : 2023.09 FCS 64 bits
2025-02-18 22:12:59.972189 (48659) main____ INFO      build date: 2023.09.27 19:40:18 UTC
2025-02-18 22:12:59.972194 (48659) main____ INFO    ----------------------------------------
2025-02-18 22:12:59.972199 (48659) main____ INFO    Runtime info:
2025-02-18 22:12:59.972205 (48659) main____ INFO      platform  : Linux 4.19.0-20-amd64 x86_64
2025-02-18 22:12:59.972213 (48659) main____ INFO      hostname  : joc047
2025-02-18 22:12:59.972218 (48659) main____ INFO      pid       : 48659
2025-02-18 22:12:59.972224 (48659) main____ INFO      arguments : '-style' 'windows' '-superlint' 'superlint.tcl'
2025-02-18 22:12:59.972230 (48659) main____ INFO      locale    : ANSI_X3.4-1968
2025-02-18 22:12:59.972235 (48659) main____ INFO    ----------------------------------------
2025-02-18 22:12:59.972239 (48659) main____ INFO    System resource limits info:
2025-02-18 22:12:59.972245 (48659) main____ INFO      virtual memory: unlimited
2025-02-18 22:12:59.972250 (48659) main____ INFO      cpu time      : unlimited
2025-02-18 22:12:59.972260 (48659) main____ INFO      processes     : 4096
2025-02-18 22:12:59.972270 (48659) main____ INFO      stack size    : 8388608 B
2025-02-18 22:12:59.972276 (48659) main____ INFO      core file size: 0 B
2025-02-18 22:12:59.972282 (48659) main____ INFO      open files    : 1048576
2025-02-18 22:12:59.972287 (48659) main____ INFO      file size     : unlimited
2025-02-18 22:12:59.972292 (48659) main____ INFO    ----------------------------------------
2025-02-18 22:12:59.972296 (48659) main____ INFO    Memory statistics:
2025-02-18 22:12:59.972301 (48659) main____ INFO      total physical memory  : 8388608 kB
2025-02-18 22:12:59.972306 (48659) main____ INFO      free physical memory   : 6411036 kB
2025-02-18 22:12:59.972311 (48659) main____ INFO      committed address space: 15406324 kB
2025-02-18 22:12:59.972315 (48659) main____ INFO    ----------------------------------------
2025-02-18 22:12:59.973147 (48659) main____ INFO    Important environment variables:
2025-02-18 22:12:59.973164 (48659) main____ INFO      CDS_AUTO_32BIT     : 'NONE'
2025-02-18 22:12:59.973172 (48659) main____ INFO      CDS_AUTO_64BIT     : 'ALL'
2025-02-18 22:12:59.973179 (48659) main____ INFO      CDS_GENUS201       : '/edatools/cdnc/GENUS211'
2025-02-18 22:12:59.973186 (48659) main____ INFO      CDS_INNOVUS191     : '/edatools/cdnc/INNOVUS211'
2025-02-18 22:12:59.973193 (48659) main____ INFO      CDS_INST           : '/edatools/cdnc'
2025-02-18 22:12:59.973199 (48659) main____ INFO      CDS_LIC_FILE       : '744@10.0.7.51'
2025-02-18 22:12:59.973206 (48659) main____ INFO      DISPLAY            : '10.0.7.165:7.0'
2025-02-18 22:12:59.973213 (48659) main____ INFO      JASPER_INSTALL_DIR : '/edatools/cdnc/JASPER2309'
2025-02-18 22:12:59.973219 (48659) main____ INFO      JASPER_KERNEL_CHECK: '1'
2025-02-18 22:12:59.973226 (48659) main____ INFO      JASPER_OS_CHECK    : '1'
2025-02-18 22:12:59.973232 (48659) main____ INFO      LANG               : 'C'
2025-02-18 22:12:59.973239 (48659) main____ INFO      LC_HOME            : '/edatools/snps/installs/lc/R-2020.09'
2025-02-18 22:12:59.973245 (48659) main____ INFO      LM_LICENSE_FILE    : '744@10.0.7.51'
2025-02-18 22:12:59.973250 (48659) main____ INFO    ----------------------------------------
2025-02-18 22:12:59.974114 (48659) lic_core INFO    Initializing license system ...
2025-02-18 22:12:59.975551 (48659) lic_core INFO    ... license system initialized.
2025-02-18 22:12:59.977114 (48659) lic__man INFO    Claim 'main' for <ui>.
2025-02-18 22:12:59.977146 (48659) lic_core INFO    (1) checking out 'jasper_interactive' ...
2025-02-18 22:13:00.163391 (48659) lic_core INFO    ... (1) checkout succeeded
2025-02-18 22:13:00.163471 (48659) lic__man INFO    Claim 'superlint' for <ui>.
2025-02-18 22:13:00.163508 (48659) lic_core INFO    (2) checking out 'jasper_afl' ...
2025-02-18 22:13:00.167524 (48659) lic_core INFO    ... (2) checkout failed (error: -5) ("FLEXnet ERROR(-5, 0, 0): No such feature exists.")
2025-02-18 22:13:00.167563 (48659) lic_core INFO    (3) checking out 'jasper_dao' ...
2025-02-18 22:13:00.176333 (48659) lic_core INFO    ... (3) checkout succeeded
2025-02-18 22:13:00.176792 (48659) main____ INFO    Tool inactivity delay is 480000 ms.
2025-02-18 22:13:00.803450 (48659) lic__man INFO    Claim 'superlint' for <ui>.
2025-02-18 22:13:01.187791 (48659) lic__man INFO    Unclaim 'superlint' for <ui>.
2025-02-18 22:13:01.187837 (48659) lic__man INFO    Claim 'superlint' for <ui>.
2025-02-18 22:13:01.191838 (48659) session_ INFO    Starting analysis session with session id 'session_0' (launcher: <local>) ...
2025-02-18 22:13:01.193990 (48659) session_ INFO    Analysis session with session id 'session_0' started (pid: 48700)
2025-02-18 22:13:02.083344 (48659) session_ INFO    Analysis session 'session_0' connected to the console (host: 127.0.0.1:58050)
2025-02-18 22:13:02.524215 (48659) main____ INFO    Releasing console memory by request of analysis session 'session_0'.
2025-02-18 22:13:02.525100 (48659) lic__man INFO    Unclaim everything for 'session_0'.
2025-02-18 22:13:03.766318 (48659) lic__man INFO    Unclaim everything for 'session_0'.
2025-02-18 22:13:03.856237 (48659) lic__man INFO    Claim 'superlint' for 'session_0'.
2025-02-18 22:13:06.184299 (48659) lic__man INFO    Claim 'superlint' for 'session_0'.
2025-02-18 22:13:06.184340 (48659) lic__man INFO    Claim 'superlint' for 'session_0/prove-0'.
2025-02-18 22:13:07.419598 (48659) lic__man INFO    Unclaim everything for 'session_0/prove-0'.
2025-02-18 22:16:07.096511 (48659) main____ INFO    Releasing console memory by request of analysis session 'session_0'.
2025-02-18 22:16:07.098897 (48659) lic__man INFO    Unclaim everything for 'session_0'.
2025-02-18 22:17:01.648050 (48659) main____ INFO    Releasing console memory by request of analysis session 'session_0'.
2025-02-18 22:17:01.648280 (48659) lic__man INFO    Unclaim everything for 'session_0'.
2025-02-18 22:17:31.485727 (48659) main____ INFO    Releasing console memory by request of analysis session 'session_0'.
2025-02-18 22:17:31.485815 (48659) lic__man INFO    Unclaim everything for 'session_0'.
2025-02-18 22:22:03.509194 (48659) main____ INFO    Releasing console memory by request of analysis session 'session_0'.
2025-02-18 22:22:03.509387 (48659) lic__man INFO    Unclaim everything for 'session_0'.
2025-02-18 22:22:28.639615 (48659) main____ INFO    Releasing console memory by request of analysis session 'session_0'.
2025-02-18 22:22:28.639696 (48659) lic__man INFO    Unclaim everything for 'session_0'.
2025-02-18 22:22:49.300519 (48659) main____ INFO    Releasing console memory by request of analysis session 'session_0'.
2025-02-18 22:22:49.300592 (48659) lic__man INFO    Unclaim everything for 'session_0'.
2025-02-18 22:23:41.419699 (48659) main____ INFO    Releasing console memory by request of analysis session 'session_0'.
2025-02-18 22:23:41.419775 (48659) lic__man INFO    Unclaim everything for 'session_0'.
2025-02-18 22:24:56.218182 (48659) main____ INFO    Releasing console memory by request of analysis session 'session_0'.
2025-02-18 22:24:56.218266 (48659) lic__man INFO    Unclaim everything for 'session_0'.
2025-02-18 22:29:26.359357 (48659) main____ INFO    Releasing console memory by request of analysis session 'session_0'.
2025-02-18 22:29:26.359545 (48659) lic__man INFO    Unclaim everything for 'session_0'.
2025-02-18 22:29:27.746075 (48659) lic__man INFO    Unclaim everything for 'session_0'.
2025-02-18 22:29:27.893737 (48659) lic__man INFO    Claim 'superlint' for 'session_0'.
2025-02-18 22:29:30.277323 (48659) lic__man INFO    Claim 'superlint' for 'session_0'.
2025-02-18 22:29:30.277401 (48659) lic__man INFO    Claim 'superlint' for 'session_0/prove-0'.
2025-02-18 22:29:31.447680 (48659) lic__man INFO    Unclaim everything for 'session_0/prove-0'.
2025-02-18 22:37:38.855472 (48659) lic__man INFO    Entering idle state.
2025-02-18 22:46:44.837806 (48659) lic__man INFO    Leaving idle state.
2025-02-18 22:54:44.855569 (48659) lic__man INFO    Entering idle state.
2025-02-18 23:07:44.655088 (48659) lic__man INFO    Leaving idle state.
2025-02-18 23:07:44.780220 (48659) main____ INFO    About to exit: requested from GUI
2025-02-18 23:07:44.848866 (48659) session_ INFO    Analysis session 'session_0' disconnected.
2025-02-18 23:07:44.869652 (48659) lic_core INFO    (1) checkin jasper_interactive
2025-02-18 23:07:44.870666 (48659) lic_core INFO    (3) checkin jasper_dao
2025-02-18 23:07:44.873921 (48659) main____ INFO    Exiting with status 0.
