Operating system: Linux
                  0.0.0 Linux 4.19.0-20-amd64 #1 SMP Debian 4.19.235-1 (2022-03-17) x86_64
CPU: amd64
     family 6 model 85 stepping 4
     1 CPU

GPU: UNKNOWN

Crash reason:  DUMP_REQUESTED
Crash address: 0x7f7c5cdca406
Process uptime: not available

Thread 1 (crashed)
 0  libcbreakpad.so + 0x36406
    rax = 0x0000000000000000   rdx = 0x0000000000000000
    rcx = 0x00007f7c5cdc8cb2   rbx = 0x00007f7c55b91130
    rsi = 0x0000000000000001   rdi = 0x00007f7c55b90ab8
    rbp = 0x00007f7c55b91070   rsp = 0x00007f7c55b90a20
     r8 = 0x0000000000000000    r9 = 0x0000000000000000
    r10 = 0x0000000000000000   r11 = 0x0000000000000000
    r12 = 0x0000000000000000   r13 = 0x00007f7c55b91418
    r14 = 0x00007f7c55b910b0   r15 = 0x000003e80000b357
    rip = 0x00007f7c5cdca406
    Found by: given as instruction pointer in context
 1  libcbreakpad.so + 0x34672
    rbp = 0x00007f7c55b911c0   rsp = 0x00007f7c55b91080
    rip = 0x00007f7c5cdc8672
    Found by: previous frame's frame pointer
 2  xmsim + 0x7f1850
    rbp = 0x00007f7c55b911c0   rsp = 0x00007f7c55b91118
    rip = 0x0000000000bf1850
    Found by: stack scanning
 3  libc-2.17.so + 0x36387
    rbp = 0x00007f7c55b911c0   rsp = 0x00007f7c55b911b8
    rip = 0x00007f7c5df02387
    Found by: stack scanning
 4  xmsim + 0x1774039
    rsp = 0x00007f7c55b911d0   rip = 0x0000000001b74039
    Found by: stack scanning
 5  libc-2.17.so + 0x38d54
    rsp = 0x00007f7c55b91240   rip = 0x00007f7c5df04d54
    Found by: stack scanning
 6  libc-2.17.so + 0x38e69
    rsp = 0x00007f7c55b912b0   rip = 0x00007f7c5df04e69
    Found by: stack scanning
 7  libc-2.17.so + 0x38e69
    rsp = 0x00007f7c55b91320   rip = 0x00007f7c5df04e69
    Found by: stack scanning
 8  libc-2.17.so + 0x810a2
    rsp = 0x00007f7c55b91390   rip = 0x00007f7c5df4d0a2
    Found by: stack scanning
 9  libc-2.17.so + 0x39226
    rsp = 0x00007f7c55b913d0   rip = 0x00007f7c5df05226
    Found by: stack scanning
10  libc-2.17.so + 0x36387
    rsp = 0x00007f7c55b913e0   rip = 0x00007f7c5df02387
    Found by: stack scanning
11  libc-2.17.so + 0x36387
    rsp = 0x00007f7c55b913e8   rip = 0x00007f7c5df02387
    Found by: stack scanning
12  xmsim + 0x1775de5
    rsp = 0x00007f7c55b91410   rip = 0x0000000001b75de5
    Found by: stack scanning
13  xmsim + 0x23cb7c8
    rsp = 0x00007f7c55b91440   rip = 0x00000000027cb7c8
    Found by: stack scanning
14  libc-2.17.so + 0x36387
    rsp = 0x00007f7c55b91448   rip = 0x00007f7c5df02387
    Found by: stack scanning
15  xmsim + 0x85258c
    rsp = 0x00007f7c55b914a0   rip = 0x0000000000c5258c
    Found by: stack scanning
16  libc-2.17.so + 0x36387
    rsp = 0x00007f7c55b914b0   rip = 0x00007f7c5df02387
    Found by: stack scanning
17  libc-2.17.so + 0x36387
    rsp = 0x00007f7c55b914b8   rip = 0x00007f7c5df02387
    Found by: stack scanning
18  xmsim + 0x8525e5
    rsp = 0x00007f7c55b914c0   rip = 0x0000000000c525e5
    Found by: stack scanning
19  libc-2.17.so + 0x36387
    rsp = 0x00007f7c55b914c8   rip = 0x00007f7c5df02387
    Found by: stack scanning
20  xmsim + 0x8b2269
    rsp = 0x00007f7c55b914e0   rip = 0x0000000000cb2269
    Found by: stack scanning
21  xmsim + 0x8b7ce4
    rsp = 0x00007f7c55b914f0   rip = 0x0000000000cb7ce4
    Found by: stack scanning
22  xmsim + 0x20fc68
    rsp = 0x00007f7c55b91510   rip = 0x0000000003451c68
    Found by: stack scanning
23  libpthread-2.17.so + 0xf630
    rsp = 0x00007f7c55b91540   rip = 0x00007f7c5e7c9630
    Found by: stack scanning
24  xmsim + 0x20fc68
    rsp = 0x00007f7c55b915c8   rip = 0x0000000003451c68
    Found by: stack scanning
25  libc-2.17.so + 0x36387
    rsp = 0x00007f7c55b915e0   rip = 0x00007f7c5df02387
    Found by: stack scanning
26  libc-2.17.so + 0x36387
    rsp = 0x00007f7c55b915f0   rip = 0x00007f7c5df02387
    Found by: stack scanning
27  libgcc_s.so.1 + 0x1520
    rsp = 0x00007f7c55b91640   rip = 0x00007f7c5e29b520
    Found by: stack scanning
28  libc-2.17.so + 0x3d88
    rsp = 0x00007f7c55b91700   rip = 0x00007f7c5decfd88
    Found by: stack scanning

Thread 0
 0  libc-2.17.so + 0xf3ddd
    rax = 0xfffffffffffffdfc   rdx = 0x0000000000001388
    rcx = 0x00007f7c5dfbfddd   rbx = 0x0000000000000000
    rsi = 0x0000000000000001   rdi = 0x00007ffc12efb2b0
    rbp = 0x0000000000000000   rsp = 0x00007ffc12efb140
     r8 = 0x0000000000000000    r9 = 0x0000000000000000
    r10 = 0x0000000000004000   r11 = 0x0000000000000293
    r12 = 0x000000000f2cdb70   r13 = 0x0000000000000002
    r14 = 0x0000000000000005   r15 = 0x0000000000000005
    rip = 0x00007f7c5dfbfddd
    Found by: given as instruction pointer in context
 1  libresolv-2.17.so + 0x9f60
    rsp = 0x00007ffc12efb150   rip = 0x00007f7c5b214f60
    Found by: stack scanning
 2  libresolv-2.17.so + 0xd014
    rsp = 0x00007ffc12efb180   rip = 0x00007f7c5b218014
    Found by: stack scanning
 3  libresolv-2.17.so + 0x6bb4
    rsp = 0x00007ffc12efb2c0   rip = 0x00007f7c5b211bb4
    Found by: stack scanning
 4  libresolv-2.17.so + 0x7394
    rsp = 0x00007ffc12efb3d0   rip = 0x00007f7c5b212394
    Found by: stack scanning
 5  xmsim + 0x2916a6d
    rsp = 0x00007ffc12efb4b8   rip = 0x0000000002d16a6d
    Found by: stack scanning
 6  libc-2.17.so + 0x714cb
    rsp = 0x00007ffc12efb4e0   rip = 0x00007f7c5df3d4cb
    Found by: stack scanning
 7  libc-2.17.so + 0x200440
    rsp = 0x00007ffc12efb5c0   rip = 0x00007f7c5e290440
    Found by: stack scanning
 8  libresolv-2.17.so + 0x85ca
    rsp = 0x00007ffc12efb6e0   rip = 0x00007f7c5b2135ca
    Found by: stack scanning
 9  xmsim + 0x1753e90
    rsp = 0x00007ffc12efb710   rip = 0x0000000001b53e90
    Found by: stack scanning
10  ld-2.17.so + 0x9dbb
    rsp = 0x00007ffc12efb760   rip = 0x00007f7c5ebf5dbb
    Found by: stack scanning

Loaded modules:
0x00400000 - 0x03240fff  xmsim  ???  (main)  (WARNING: No symbols, xmsim, 97577402DC09FBC773CD171241858B410)
0x03242000 - 0x03451fff  xmsim  ???  (WARNING: No symbols, xmsim, 000000000000000000000000000000000)
0x7f7c55de5000 - 0x7f7c55e12fff  libtbbmalloc.so.2  ???
0x7f7c55e13000 - 0x7f7c56015fff  libtbbmalloc.so.2  ???
0x7f7c56039000 - 0x7f7c56089fff  libtbb.so.2  ???
0x7f7c5608a000 - 0x7f7c5628dfff  libtbb.so.2  ???
0x7f7c56290000 - 0x7f7c562abfff  libtbbshm.so  ???
0x7f7c562ac000 - 0x7f7c562aefff  libtbbshm.so  ???
0x7f7c562b0000 - 0x7f7c563affff  shm_db.dsn (deleted)  ???
0x7f7c5793c000 - 0x7f7c579aefff  libdwapi.so  ???
0x7f7c579af000 - 0x7f7c579b3fff  libdwapi.so  ???
0x7f7c57d7a000 - 0x7f7c58ed4fff  librnc.so  ???
0x7f7c58ed5000 - 0x7f7c58f72fff  librnc.so  ???
0x7f7c59c0a000 - 0x7f7c59c2dfff  libml_uvm.so  ???
0x7f7c59c2e000 - 0x7f7c59deafff  libStrapNC.so  ???
0x7f7c59df4000 - 0x7f7c59ea6fff  libdcapi.so  ???
0x7f7c59ea7000 - 0x7f7c59eb3fff  libdcapi.so  ???
0x7f7c59eb5000 - 0x7f7c59ec6fff  libnss_myhostname.so.2  ???
0x7f7c59ec7000 - 0x7f7c5a0c9fff  libnss_myhostname.so.2  ???
0x7f7c5a0ca000 - 0x7f7c5a0cffff  libnss_dns-2.17.so  ???
0x7f7c5a0d0000 - 0x7f7c5a2d0fff  libnss_dns-2.17.so  ???
0x7f7c5a2d1000 - 0x7f7c5a2dcfff  libnss_files-2.17.so  ???
0x7f7c5a2dd000 - 0x7f7c5a4ddfff  libnss_files-2.17.so  ???
0x7f7c5a4e4000 - 0x7f7c5a4e7fff  libuuid.so.1.3.0  ???
0x7f7c5a4e8000 - 0x7f7c5a6e8fff  libuuid.so.1.3.0  ???
0x7f7c5a6e9000 - 0x7f7c5a724fff  libblkid.so.1.1.0  ???
0x7f7c5a725000 - 0x7f7c5a927fff  libblkid.so.1.1.0  ???
0x7f7c5a929000 - 0x7f7c5a92cfff  libgpg-error.so.0.10.0  ???
0x7f7c5a92d000 - 0x7f7c5ab2dfff  libgpg-error.so.0.10.0  ???
0x7f7c5ab2e000 - 0x7f7c5abaafff  libgcrypt.so.11.8.2  ???
0x7f7c5abab000 - 0x7f7c5adadfff  libgcrypt.so.11.8.2  ???
0x7f7c5adaf000 - 0x7f7c5adc5fff  liblz4.so.1.7.1  ???
0x7f7c5adc6000 - 0x7f7c5afc7fff  liblz4.so.1.7.1  ???
0x7f7c5afc8000 - 0x7f7c5b007fff  libmount.so.1.1.0  ???
0x7f7c5b008000 - 0x7f7c5b209fff  libmount.so.1.1.0  ???
0x7f7c5b20b000 - 0x7f7c5b220fff  libresolv-2.17.so  ???  (WARNING: No symbols, libresolv-2.17.so, D50DCDE06E469E6B5FB10BFAFF13B1BB0)
0x7f7c5b221000 - 0x7f7c5b422fff  libresolv-2.17.so  ???
0x7f7c5b425000 - 0x7f7c5b448fff  libselinux.so.1  ???
0x7f7c5b449000 - 0x7f7c5b649fff  libselinux.so.1  ???
0x7f7c5b64c000 - 0x7f7c5b6abfff  libpcre.so.1.2.0  ???
0x7f7c5b6ac000 - 0x7f7c5b8adfff  libpcre.so.1.2.0  ???
0x7f7c5b8ae000 - 0x7f7c5b8b0fff  libgmodule-2.0.so.0.5600.1  ???
0x7f7c5b8b1000 - 0x7f7c5bab1fff  libgmodule-2.0.so.0.5600.1  ???
0x7f7c5bab2000 - 0x7f7c5bab8fff  libffi.so.6.0.1  ???
0x7f7c5bab9000 - 0x7f7c5bcb9fff  libffi.so.6.0.1  ???
0x7f7c5bcba000 - 0x7f7c5bce8fff  libsystemd.so.0.6.0  ???
0x7f7c5bce9000 - 0x7f7c5beeafff  libsystemd.so.0.6.0  ???
0x7f7c5beeb000 - 0x7f7c5bffefff  libglib-2.0.so.0.5600.1  ???
0x7f7c5bfff000 - 0x7f7c5c1fffff  libglib-2.0.so.0.5600.1  ???
0x7f7c5c201000 - 0x7f7c5c24ffff  libgobject-2.0.so.0.5600.1  ???
0x7f7c5c250000 - 0x7f7c5c451fff  libgobject-2.0.so.0.5600.1  ???
0x7f7c5c452000 - 0x7f7c5c5e7fff  libgio-2.0.so.0.5600.1  ???
0x7f7c5c5e8000 - 0x7f7c5c7effff  libgio-2.0.so.0.5600.1  ???
0x7f7c5c7f2000 - 0x7f7c5c83ffff  libdbus-1.so.3.14.14  ???
0x7f7c5c840000 - 0x7f7c5ca40fff  libdbus-1.so.3.14.14  ???
0x7f7c5ca42000 - 0x7f7c5ca67fff  libdbus-glib-1.so.2.2.2  ???
0x7f7c5ca68000 - 0x7f7c5cc69fff  libdbus-glib-1.so.2.2.2  ???
0x7f7c5cc6f000 - 0x7f7c5cc77fff  libxdt.so  ???
0x7f7c5ccfb000 - 0x7f7c5cd93fff  libxmjudy.so.1.0.3  ???
0x7f7c5cd94000 - 0x7f7c5cdf8fff  libcbreakpad.so  ???  (WARNING: No symbols, libcbreakpad.so, 60E05159679E41FFDFD1CB8DF5B1303D0)
0x7f7c5cdf9000 - 0x7f7c5cdfdfff  libcbreakpad.so  ???
0x7f7c5ce05000 - 0x7f7c5ce13fff  libbz2.so.1.0.6  ???
0x7f7c5ce14000 - 0x7f7c5d014fff  libbz2.so.1.0.6  ???
0x7f7c5d015000 - 0x7f7c5d039fff  liblzma.so.5.2.2  ???
0x7f7c5d03a000 - 0x7f7c5d23afff  liblzma.so.5.2.2  ???
0x7f7c5d23b000 - 0x7f7c5d24ffff  libz.so.1.2.7  ???
0x7f7c5d250000 - 0x7f7c5d450fff  libz.so.1.2.7  ???
0x7f7c5d451000 - 0x7f7c5d467fff  libelf-0.176.so  ???
0x7f7c5d468000 - 0x7f7c5d668fff  libelf-0.176.so  ???
0x7f7c5d669000 - 0x7f7c5d66cfff  libattr.so.1.1.0  ???
0x7f7c5d66d000 - 0x7f7c5d86dfff  libattr.so.1.1.0  ???
0x7f7c5d86e000 - 0x7f7c5d8bbfff  libdw-0.176.so  ???
0x7f7c5d8bc000 - 0x7f7c5dabefff  libdw-0.176.so  ???
0x7f7c5dabf000 - 0x7f7c5dac2fff  libcap.so.2.22  ???
0x7f7c5dac3000 - 0x7f7c5dcc3fff  libcap.so.2.22  ???
0x7f7c5dcc4000 - 0x7f7c5dccafff  librt-2.17.so  ???
0x7f7c5dccb000 - 0x7f7c5decbfff  librt-2.17.so  ???
0x7f7c5decc000 - 0x7f7c5e08ffff  libc-2.17.so  ???  (WARNING: No symbols, libc-2.17.so, 1BB68F1A61B4484A3833D5334202AB500)
0x7f7c5e090000 - 0x7f7c5e294fff  libc-2.17.so  ???  (WARNING: No symbols, libc-2.17.so, 000000000000000000000000000000000)
0x7f7c5e29a000 - 0x7f7c5e2b3fff  libgcc_s.so.1  ???  (WARNING: No symbols, libgcc_s.so.1, 92FC8C0C6A56864DF3A5AE534CFCDDF00)
0x7f7c5e2b4000 - 0x7f7c5e3b4fff  libm-2.17.so  ???
0x7f7c5e3b5000 - 0x7f7c5e5b5fff  libm-2.17.so  ???
0x7f7c5e5b6000 - 0x7f7c5e5b7fff  libdl-2.17.so  ???
0x7f7c5e5b8000 - 0x7f7c5e7b9fff  libdl-2.17.so  ???
0x7f7c5e7ba000 - 0x7f7c5e7d0fff  libpthread-2.17.so  ???  (WARNING: No symbols, libpthread-2.17.so, F2C80CE132B93DFCAEDA22F8DAC5EBB90)
0x7f7c5e7d1000 - 0x7f7c5e9d1fff  libpthread-2.17.so  ???
0x7f7c5e9d6000 - 0x7f7c5e9e9fff  libudev.so.1.6.2  ???
0x7f7c5e9ea000 - 0x7f7c5ebebfff  libudev.so.1.6.2  ???
0x7f7c5ebec000 - 0x7f7c5ec0dfff  ld-2.17.so  ???  (WARNING: No symbols, ld-2.17.so, 9749C46231431B34B08DCCE3859560A20)
0x7f7c5ec20000 - 0x7f7c5edf6fff  libstdc++.so.6.0.28  ???
0x7f7c5ee0d000 - 0x7f7c5ee0efff  ld-2.17.so  ???
0x7ffc12fe3000 - 0x7ffc12fe4fff  linux-gate.so  ???

******BACKTRACE*****
<unknown> (libcbreakpad.so) [0x7f7c5cdc81a3]
<unknown> (libcbreakpad.so) [0x7f7c5cdc8630]
vserror (xmsim) [0x1b74039]
serror (xmsim) [0x1b75de5]
sv_abrthandler (xmsim) [0xcb7ce4]
<unknown> (libpthread.so.0) [0x7f7c5e7c9630]
<unknown> (libc.so.6) [0x7f7c5df02387]
<unknown> (libc.so.6) [0x7f7c5df03a78]
<unknown> (libstdc++.so.6) [0x7f7c5ecba663]
<unknown> (libstdc++.so.6) [0x7f7c5ecc6096]
<unknown> (libstdc++.so.6) [0x7f7c5ecc6101]
<unknown> (libstdc++.so.6) [0x7f7c5ecc608b]
<unknown> (libtbb.so.2) [0x7f7c56061b28]
<unknown> (libtbb.so.2) [0x7f7c5605f2aa]
<unknown> (libtbb.so.2) [0x7f7c56051bd9]
<unknown> (libtbb.so.2) [0x7f7c56051ac7]
<unknown> (libtbbshm.so) [0x7f7c562a3fc1]
<unknown> (libtbbshm.so) [0x7f7c562a4116]
<unknown> (libpthread.so.0) [0x7f7c5e7c1ea5]
<unknown> (libc.so.6) [0x7f7c5dfcab0d]
******BACKTRACE END*****