xrun(64): 23.09-s001: (c) Copyright 1995-2023 Cadence Design Systems, Inc.
TOOL:	xrun(64)	23.09-s001: Started on Feb 07, 2025 at 20:28:50 UTC
xrun
	mul_tb.sv
DEFINE std       ./STD
|
xrun: *W,DLCPTH (/edatools/cdnc/XCELIUM2309/tools/inca/files/cdsvhdl.lib,1): cds.lib Invalid path '/edatools/cdnc/XCELIUM2309/tools/inca/files/STD' (cds.lib command ignored).
DEFINE synopsys  ./SYNOPSYS
|
xrun: *W,DLCPTH (/edatools/cdnc/XCELIUM2309/tools/inca/files/cdsvhdl.lib,2): cds.lib Invalid path '/edatools/cdnc/XCELIUM2309/tools/inca/files/SYNOPSYS' (cds.lib command ignored).
DEFINE ieee      ./IEEE
|
xrun: *W,DLCPTH (/edatools/cdnc/XCELIUM2309/tools/inca/files/cdsvhdl.lib,3): cds.lib Invalid path '/edatools/cdnc/XCELIUM2309/tools/inca/files/IEEE' (cds.lib command ignored).
DEFINE ambit     ./AMBIT
|
xrun: *W,DLCPTH (/edatools/cdnc/XCELIUM2309/tools/inca/files/cdsvhdl.lib,4): cds.lib Invalid path '/edatools/cdnc/XCELIUM2309/tools/inca/files/AMBIT' (cds.lib command ignored).
DEFINE vital_memory ./VITAL_MEMORY
|
xrun: *W,DLCPTH (/edatools/cdnc/XCELIUM2309/tools/inca/files/cdsvhdl.lib,5): cds.lib Invalid path '/edatools/cdnc/XCELIUM2309/tools/inca/files/VITAL_MEMORY' (cds.lib command ignored).
DEFINE ncutils ./NCUTILS
|
xrun: *W,DLCPTH (/edatools/cdnc/XCELIUM2309/tools/inca/files/cdsvhdl.lib,6): cds.lib Invalid path '/edatools/cdnc/XCELIUM2309/tools/inca/files/NCUTILS' (cds.lib command ignored).
DEFINE ncinternal ./NCINTERNAL
|
xrun: *W,DLCPTH (/edatools/cdnc/XCELIUM2309/tools/inca/files/cdsvhdl.lib,7): cds.lib Invalid path '/edatools/cdnc/XCELIUM2309/tools/inca/files/NCINTERNAL' (cds.lib command ignored).
DEFINE ncmodels ./NCMODELS
|
xrun: *W,DLCPTH (/edatools/cdnc/XCELIUM2309/tools/inca/files/cdsvhdl.lib,8): cds.lib Invalid path '/edatools/cdnc/XCELIUM2309/tools/inca/files/NCMODELS' (cds.lib command ignored).
DEFINE xmutils ./XMUTILS
|
xrun: *W,DLCPTH (/edatools/cdnc/XCELIUM2309/tools/inca/files/cdsvhdl.lib,9): cds.lib Invalid path '/edatools/cdnc/XCELIUM2309/tools/inca/files/XMUTILS' (cds.lib command ignored).
DEFINE xminternal ./XMINTERNAL
|
xrun: *W,DLCPTH (/edatools/cdnc/XCELIUM2309/tools/inca/files/cdsvhdl.lib,10): cds.lib Invalid path '/edatools/cdnc/XCELIUM2309/tools/inca/files/XMINTERNAL' (cds.lib command ignored).
DEFINE xmmodels ./XMMODELS
|
xrun: *W,DLCPTH (/edatools/cdnc/XCELIUM2309/tools/inca/files/cdsvhdl.lib,11): cds.lib Invalid path '/edatools/cdnc/XCELIUM2309/tools/inca/files/XMMODELS' (cds.lib command ignored).
DEFINE cds_assertions ./CDS_ASSERTIONS
|
xrun: *W,DLCPTH (/edatools/cdnc/XCELIUM2309/tools/inca/files/cdsvhdl.lib,12): cds.lib Invalid path '/edatools/cdnc/XCELIUM2309/tools/inca/files/CDS_ASSERTIONS' (cds.lib command ignored).
DEFINE cds_inhconn ./CDS_INHCONN
|
xrun: *W,DLCPTH (/edatools/cdnc/XCELIUM2309/tools/inca/files/cdsvhdl.lib,13): cds.lib Invalid path '/edatools/cdnc/XCELIUM2309/tools/inca/files/CDS_INHCONN' (cds.lib command ignored).
DEFINE cds_spicelib ./CDS_SPICELIB
|
xrun: *W,DLCPTH (/edatools/cdnc/XCELIUM2309/tools/inca/files/cdsvhdl.lib,14): cds.lib Invalid path '/edatools/cdnc/XCELIUM2309/tools/inca/files/CDS_SPICELIB' (cds.lib command ignored).
DEFINE cds_amsfunctions ./CDS_AMSFUNCTIONS
|
xrun: *W,DLCPTH (/edatools/cdnc/XCELIUM2309/tools/inca/files/cdsvhdl.lib,15): cds.lib Invalid path '/edatools/cdnc/XCELIUM2309/tools/inca/files/CDS_AMSFUNCTIONS' (cds.lib command ignored).
DEFINE std       ./STD
|
xrun: *W,DLCPTH (/edatools/cdnc/XCELIUM2309/tools/inca/files/cdsvhdl.lib,1): cds.lib Invalid path '/edatools/cdnc/XCELIUM2309/tools/inca/files/STD' (cds.lib command ignored).
DEFINE synopsys  ./SYNOPSYS
|
xrun: *W,DLCPTH (/edatools/cdnc/XCELIUM2309/tools/inca/files/cdsvhdl.lib,2): cds.lib Invalid path '/edatools/cdnc/XCELIUM2309/tools/inca/files/SYNOPSYS' (cds.lib command ignored).
DEFINE ieee      ./IEEE
|
xrun: *W,DLCPTH (/edatools/cdnc/XCELIUM2309/tools/inca/files/cdsvhdl.lib,3): cds.lib Invalid path '/edatools/cdnc/XCELIUM2309/tools/inca/files/IEEE' (cds.lib command ignored).
DEFINE ambit     ./AMBIT
|
xrun: *W,DLCPTH (/edatools/cdnc/XCELIUM2309/tools/inca/files/cdsvhdl.lib,4): cds.lib Invalid path '/edatools/cdnc/XCELIUM2309/tools/inca/files/AMBIT' (cds.lib command ignored).
DEFINE vital_memory ./VITAL_MEMORY
|
xrun: *W,DLCPTH (/edatools/cdnc/XCELIUM2309/tools/inca/files/cdsvhdl.lib,5): cds.lib Invalid path '/edatools/cdnc/XCELIUM2309/tools/inca/files/VITAL_MEMORY' (cds.lib command ignored).
DEFINE ncutils ./NCUTILS
|
xrun: *W,DLCPTH (/edatools/cdnc/XCELIUM2309/tools/inca/files/cdsvhdl.lib,6): cds.lib Invalid path '/edatools/cdnc/XCELIUM2309/tools/inca/files/NCUTILS' (cds.lib command ignored).
DEFINE ncinternal ./NCINTERNAL
|
xrun: *W,DLCPTH (/edatools/cdnc/XCELIUM2309/tools/inca/files/cdsvhdl.lib,7): cds.lib Invalid path '/edatools/cdnc/XCELIUM2309/tools/inca/files/NCINTERNAL' (cds.lib command ignored).
DEFINE ncmodels ./NCMODELS
|
xrun: *W,DLCPTH (/edatools/cdnc/XCELIUM2309/tools/inca/files/cdsvhdl.lib,8): cds.lib Invalid path '/edatools/cdnc/XCELIUM2309/tools/inca/files/NCMODELS' (cds.lib command ignored).
DEFINE xmutils ./XMUTILS
|
xrun: *W,DLCPTH (/edatools/cdnc/XCELIUM2309/tools/inca/files/cdsvhdl.lib,9): cds.lib Invalid path '/edatools/cdnc/XCELIUM2309/tools/inca/files/XMUTILS' (cds.lib command ignored).
DEFINE xminternal ./XMINTERNAL
|
xrun: *W,DLCPTH (/edatools/cdnc/XCELIUM2309/tools/inca/files/cdsvhdl.lib,10): cds.lib Invalid path '/edatools/cdnc/XCELIUM2309/tools/inca/files/XMINTERNAL' (cds.lib command ignored).
DEFINE xmmodels ./XMMODELS
|
xrun: *W,DLCPTH (/edatools/cdnc/XCELIUM2309/tools/inca/files/cdsvhdl.lib,11): cds.lib Invalid path '/edatools/cdnc/XCELIUM2309/tools/inca/files/XMMODELS' (cds.lib command ignored).
DEFINE cds_assertions ./CDS_ASSERTIONS
|
xrun: *W,DLCPTH (/edatools/cdnc/XCELIUM2309/tools/inca/files/cdsvhdl.lib,12): cds.lib Invalid path '/edatools/cdnc/XCELIUM2309/tools/inca/files/CDS_ASSERTIONS' (cds.lib command ignored).
DEFINE cds_inhconn ./CDS_INHCONN
|
xrun: *W,DLCPTH (/edatools/cdnc/XCELIUM2309/tools/inca/files/cdsvhdl.lib,13): cds.lib Invalid path '/edatools/cdnc/XCELIUM2309/tools/inca/files/CDS_INHCONN' (cds.lib command ignored).
DEFINE cds_spicelib ./CDS_SPICELIB
|
xrun: *W,DLCPTH (/edatools/cdnc/XCELIUM2309/tools/inca/files/cdsvhdl.lib,14): cds.lib Invalid path '/edatools/cdnc/XCELIUM2309/tools/inca/files/CDS_SPICELIB' (cds.lib command ignored).
DEFINE cds_amsfunctions ./CDS_AMSFUNCTIONS
|
xrun: *W,DLCPTH (/edatools/cdnc/XCELIUM2309/tools/inca/files/cdsvhdl.lib,15): cds.lib Invalid path '/edatools/cdnc/XCELIUM2309/tools/inca/files/CDS_AMSFUNCTIONS' (cds.lib command ignored).
DEFINE std       ./STD
|
xrun: *W,DLCPTH (/edatools/cdnc/XCELIUM2309/tools/inca/files/cdsvhdl.lib,1): cds.lib Invalid path '/edatools/cdnc/XCELIUM2309/tools/inca/files/STD' (cds.lib command ignored).
DEFINE synopsys  ./SYNOPSYS
|
xrun: *W,DLCPTH (/edatools/cdnc/XCELIUM2309/tools/inca/files/cdsvhdl.lib,2): cds.lib Invalid path '/edatools/cdnc/XCELIUM2309/tools/inca/files/SYNOPSYS' (cds.lib command ignored).
DEFINE ieee      ./IEEE
|
xrun: *W,DLCPTH (/edatools/cdnc/XCELIUM2309/tools/inca/files/cdsvhdl.lib,3): cds.lib Invalid path '/edatools/cdnc/XCELIUM2309/tools/inca/files/IEEE' (cds.lib command ignored).
DEFINE ambit     ./AMBIT
|
xrun: *W,DLCPTH (/edatools/cdnc/XCELIUM2309/tools/inca/files/cdsvhdl.lib,4): cds.lib Invalid path '/edatools/cdnc/XCELIUM2309/tools/inca/files/AMBIT' (cds.lib command ignored).
DEFINE vital_memory ./VITAL_MEMORY
|
xrun: *W,DLCPTH (/edatools/cdnc/XCELIUM2309/tools/inca/files/cdsvhdl.lib,5): cds.lib Invalid path '/edatools/cdnc/XCELIUM2309/tools/inca/files/VITAL_MEMORY' (cds.lib command ignored).
DEFINE ncutils ./NCUTILS
|
xrun: *W,DLCPTH (/edatools/cdnc/XCELIUM2309/tools/inca/files/cdsvhdl.lib,6): cds.lib Invalid path '/edatools/cdnc/XCELIUM2309/tools/inca/files/NCUTILS' (cds.lib command ignored).
DEFINE ncinternal ./NCINTERNAL
|
xrun: *W,DLCPTH (/edatools/cdnc/XCELIUM2309/tools/inca/files/cdsvhdl.lib,7): cds.lib Invalid path '/edatools/cdnc/XCELIUM2309/tools/inca/files/NCINTERNAL' (cds.lib command ignored).
DEFINE ncmodels ./NCMODELS
|
xrun: *W,DLCPTH (/edatools/cdnc/XCELIUM2309/tools/inca/files/cdsvhdl.lib,8): cds.lib Invalid path '/edatools/cdnc/XCELIUM2309/tools/inca/files/NCMODELS' (cds.lib command ignored).
DEFINE xmutils ./XMUTILS
|
xrun: *W,DLCPTH (/edatools/cdnc/XCELIUM2309/tools/inca/files/cdsvhdl.lib,9): cds.lib Invalid path '/edatools/cdnc/XCELIUM2309/tools/inca/files/XMUTILS' (cds.lib command ignored).
DEFINE xminternal ./XMINTERNAL
|
xrun: *W,DLCPTH (/edatools/cdnc/XCELIUM2309/tools/inca/files/cdsvhdl.lib,10): cds.lib Invalid path '/edatools/cdnc/XCELIUM2309/tools/inca/files/XMINTERNAL' (cds.lib command ignored).
DEFINE xmmodels ./XMMODELS
|
xrun: *W,DLCPTH (/edatools/cdnc/XCELIUM2309/tools/inca/files/cdsvhdl.lib,11): cds.lib Invalid path '/edatools/cdnc/XCELIUM2309/tools/inca/files/XMMODELS' (cds.lib command ignored).
DEFINE cds_assertions ./CDS_ASSERTIONS
|
xrun: *W,DLCPTH (/edatools/cdnc/XCELIUM2309/tools/inca/files/cdsvhdl.lib,12): cds.lib Invalid path '/edatools/cdnc/XCELIUM2309/tools/inca/files/CDS_ASSERTIONS' (cds.lib command ignored).
DEFINE cds_inhconn ./CDS_INHCONN
|
xrun: *W,DLCPTH (/edatools/cdnc/XCELIUM2309/tools/inca/files/cdsvhdl.lib,13): cds.lib Invalid path '/edatools/cdnc/XCELIUM2309/tools/inca/files/CDS_INHCONN' (cds.lib command ignored).
DEFINE cds_spicelib ./CDS_SPICELIB
|
xrun: *W,DLCPTH (/edatools/cdnc/XCELIUM2309/tools/inca/files/cdsvhdl.lib,14): cds.lib Invalid path '/edatools/cdnc/XCELIUM2309/tools/inca/files/CDS_SPICELIB' (cds.lib command ignored).
DEFINE cds_amsfunctions ./CDS_AMSFUNCTIONS
|
xrun: *W,DLCPTH (/edatools/cdnc/XCELIUM2309/tools/inca/files/cdsvhdl.lib,15): cds.lib Invalid path '/edatools/cdnc/XCELIUM2309/tools/inca/files/CDS_AMSFUNCTIONS' (cds.lib command ignored).
DEFINE std       ./STD
|
xrun: *W,DLCPTH (/edatools/cdnc/XCELIUM2309/tools/inca/files/cdsvhdl.lib,1): cds.lib Invalid path '/edatools/cdnc/XCELIUM2309/tools/inca/files/STD' (cds.lib command ignored).
DEFINE synopsys  ./SYNOPSYS
|
xrun: *W,DLCPTH (/edatools/cdnc/XCELIUM2309/tools/inca/files/cdsvhdl.lib,2): cds.lib Invalid path '/edatools/cdnc/XCELIUM2309/tools/inca/files/SYNOPSYS' (cds.lib command ignored).
DEFINE ieee      ./IEEE
|
xrun: *W,DLCPTH (/edatools/cdnc/XCELIUM2309/tools/inca/files/cdsvhdl.lib,3): cds.lib Invalid path '/edatools/cdnc/XCELIUM2309/tools/inca/files/IEEE' (cds.lib command ignored).
DEFINE ambit     ./AMBIT
|
xrun: *W,DLCPTH (/edatools/cdnc/XCELIUM2309/tools/inca/files/cdsvhdl.lib,4): cds.lib Invalid path '/edatools/cdnc/XCELIUM2309/tools/inca/files/AMBIT' (cds.lib command ignored).
DEFINE vital_memory ./VITAL_MEMORY
|
xrun: *W,DLCPTH (/edatools/cdnc/XCELIUM2309/tools/inca/files/cdsvhdl.lib,5): cds.lib Invalid path '/edatools/cdnc/XCELIUM2309/tools/inca/files/VITAL_MEMORY' (cds.lib command ignored).
DEFINE ncutils ./NCUTILS
|
xrun: *W,DLCPTH (/edatools/cdnc/XCELIUM2309/tools/inca/files/cdsvhdl.lib,6): cds.lib Invalid path '/edatools/cdnc/XCELIUM2309/tools/inca/files/NCUTILS' (cds.lib command ignored).
DEFINE ncinternal ./NCINTERNAL
|
xrun: *W,DLCPTH (/edatools/cdnc/XCELIUM2309/tools/inca/files/cdsvhdl.lib,7): cds.lib Invalid path '/edatools/cdnc/XCELIUM2309/tools/inca/files/NCINTERNAL' (cds.lib command ignored).
DEFINE ncmodels ./NCMODELS
|
xrun: *W,DLCPTH (/edatools/cdnc/XCELIUM2309/tools/inca/files/cdsvhdl.lib,8): cds.lib Invalid path '/edatools/cdnc/XCELIUM2309/tools/inca/files/NCMODELS' (cds.lib command ignored).
DEFINE xmutils ./XMUTILS
|
xrun: *W,DLCPTH (/edatools/cdnc/XCELIUM2309/tools/inca/files/cdsvhdl.lib,9): cds.lib Invalid path '/edatools/cdnc/XCELIUM2309/tools/inca/files/XMUTILS' (cds.lib command ignored).
DEFINE xminternal ./XMINTERNAL
|
xrun: *W,DLCPTH (/edatools/cdnc/XCELIUM2309/tools/inca/files/cdsvhdl.lib,10): cds.lib Invalid path '/edatools/cdnc/XCELIUM2309/tools/inca/files/XMINTERNAL' (cds.lib command ignored).
DEFINE xmmodels ./XMMODELS
|
xrun: *W,DLCPTH (/edatools/cdnc/XCELIUM2309/tools/inca/files/cdsvhdl.lib,11): cds.lib Invalid path '/edatools/cdnc/XCELIUM2309/tools/inca/files/XMMODELS' (cds.lib command ignored).
DEFINE cds_assertions ./CDS_ASSERTIONS
|
xrun: *W,DLCPTH (/edatools/cdnc/XCELIUM2309/tools/inca/files/cdsvhdl.lib,12): cds.lib Invalid path '/edatools/cdnc/XCELIUM2309/tools/inca/files/CDS_ASSERTIONS' (cds.lib command ignored).
DEFINE cds_inhconn ./CDS_INHCONN
|
xrun: *W,DLCPTH (/edatools/cdnc/XCELIUM2309/tools/inca/files/cdsvhdl.lib,13): cds.lib Invalid path '/edatools/cdnc/XCELIUM2309/tools/inca/files/CDS_INHCONN' (cds.lib command ignored).
DEFINE cds_spicelib ./CDS_SPICELIB
|
xrun: *W,DLCPTH (/edatools/cdnc/XCELIUM2309/tools/inca/files/cdsvhdl.lib,14): cds.lib Invalid path '/edatools/cdnc/XCELIUM2309/tools/inca/files/CDS_SPICELIB' (cds.lib command ignored).
DEFINE cds_amsfunctions ./CDS_AMSFUNCTIONS
|
xrun: *W,DLCPTH (/edatools/cdnc/XCELIUM2309/tools/inca/files/cdsvhdl.lib,15): cds.lib Invalid path '/edatools/cdnc/XCELIUM2309/tools/inca/files/CDS_AMSFUNCTIONS' (cds.lib command ignored).
DEFINE std       ./STD
|
xrun: *W,DLCPTH (/edatools/cdnc/XCELIUM2309/tools/inca/files/cdsvhdl.lib,1): cds.lib Invalid path '/edatools/cdnc/XCELIUM2309/tools/inca/files/STD' (cds.lib command ignored).
DEFINE synopsys  ./SYNOPSYS
|
xrun: *W,DLCPTH (/edatools/cdnc/XCELIUM2309/tools/inca/files/cdsvhdl.lib,2): cds.lib Invalid path '/edatools/cdnc/XCELIUM2309/tools/inca/files/SYNOPSYS' (cds.lib command ignored).
DEFINE ieee      ./IEEE
|
xrun: *W,DLCPTH (/edatools/cdnc/XCELIUM2309/tools/inca/files/cdsvhdl.lib,3): cds.lib Invalid path '/edatools/cdnc/XCELIUM2309/tools/inca/files/IEEE' (cds.lib command ignored).
DEFINE ambit     ./AMBIT
|
xrun: *W,DLCPTH (/edatools/cdnc/XCELIUM2309/tools/inca/files/cdsvhdl.lib,4): cds.lib Invalid path '/edatools/cdnc/XCELIUM2309/tools/inca/files/AMBIT' (cds.lib command ignored).
DEFINE vital_memory ./VITAL_MEMORY
|
xrun: *W,DLCPTH (/edatools/cdnc/XCELIUM2309/tools/inca/files/cdsvhdl.lib,5): cds.lib Invalid path '/edatools/cdnc/XCELIUM2309/tools/inca/files/VITAL_MEMORY' (cds.lib command ignored).
DEFINE ncutils ./NCUTILS
|
xrun: *W,DLCPTH (/edatools/cdnc/XCELIUM2309/tools/inca/files/cdsvhdl.lib,6): cds.lib Invalid path '/edatools/cdnc/XCELIUM2309/tools/inca/files/NCUTILS' (cds.lib command ignored).
DEFINE ncinternal ./NCINTERNAL
|
xrun: *W,DLCPTH (/edatools/cdnc/XCELIUM2309/tools/inca/files/cdsvhdl.lib,7): cds.lib Invalid path '/edatools/cdnc/XCELIUM2309/tools/inca/files/NCINTERNAL' (cds.lib command ignored).
DEFINE ncmodels ./NCMODELS
|
xrun: *W,DLCPTH (/edatools/cdnc/XCELIUM2309/tools/inca/files/cdsvhdl.lib,8): cds.lib Invalid path '/edatools/cdnc/XCELIUM2309/tools/inca/files/NCMODELS' (cds.lib command ignored).
DEFINE xmutils ./XMUTILS
|
xrun: *W,DLCPTH (/edatools/cdnc/XCELIUM2309/tools/inca/files/cdsvhdl.lib,9): cds.lib Invalid path '/edatools/cdnc/XCELIUM2309/tools/inca/files/XMUTILS' (cds.lib command ignored).
DEFINE xminternal ./XMINTERNAL
|
xrun: *W,DLCPTH (/edatools/cdnc/XCELIUM2309/tools/inca/files/cdsvhdl.lib,10): cds.lib Invalid path '/edatools/cdnc/XCELIUM2309/tools/inca/files/XMINTERNAL' (cds.lib command ignored).
DEFINE xmmodels ./XMMODELS
|
xrun: *W,DLCPTH (/edatools/cdnc/XCELIUM2309/tools/inca/files/cdsvhdl.lib,11): cds.lib Invalid path '/edatools/cdnc/XCELIUM2309/tools/inca/files/XMMODELS' (cds.lib command ignored).
DEFINE cds_assertions ./CDS_ASSERTIONS
|
xrun: *W,DLCPTH (/edatools/cdnc/XCELIUM2309/tools/inca/files/cdsvhdl.lib,12): cds.lib Invalid path '/edatools/cdnc/XCELIUM2309/tools/inca/files/CDS_ASSERTIONS' (cds.lib command ignored).
DEFINE cds_inhconn ./CDS_INHCONN
|
xrun: *W,DLCPTH (/edatools/cdnc/XCELIUM2309/tools/inca/files/cdsvhdl.lib,13): cds.lib Invalid path '/edatools/cdnc/XCELIUM2309/tools/inca/files/CDS_INHCONN' (cds.lib command ignored).
DEFINE cds_spicelib ./CDS_SPICELIB
|
xrun: *W,DLCPTH (/edatools/cdnc/XCELIUM2309/tools/inca/files/cdsvhdl.lib,14): cds.lib Invalid path '/edatools/cdnc/XCELIUM2309/tools/inca/files/CDS_SPICELIB' (cds.lib command ignored).
DEFINE cds_amsfunctions ./CDS_AMSFUNCTIONS
|
xrun: *W,DLCPTH (/edatools/cdnc/XCELIUM2309/tools/inca/files/cdsvhdl.lib,15): cds.lib Invalid path '/edatools/cdnc/XCELIUM2309/tools/inca/files/CDS_AMSFUNCTIONS' (cds.lib command ignored).
DEFINE std       ./STD
|
xmvlog: *W,DLCPTH (/edatools/cdnc/XCELIUM2309/tools/inca/files/cdsvhdl.lib,1): cds.lib Invalid path '/edatools/cdnc/XCELIUM2309/tools/inca/files/STD' (cds.lib command ignored).
DEFINE synopsys  ./SYNOPSYS
|
xmvlog: *W,DLCPTH (/edatools/cdnc/XCELIUM2309/tools/inca/files/cdsvhdl.lib,2): cds.lib Invalid path '/edatools/cdnc/XCELIUM2309/tools/inca/files/SYNOPSYS' (cds.lib command ignored).
DEFINE ieee      ./IEEE
|
xmvlog: *W,DLCPTH (/edatools/cdnc/XCELIUM2309/tools/inca/files/cdsvhdl.lib,3): cds.lib Invalid path '/edatools/cdnc/XCELIUM2309/tools/inca/files/IEEE' (cds.lib command ignored).
DEFINE ambit     ./AMBIT
|
xmvlog: *W,DLCPTH (/edatools/cdnc/XCELIUM2309/tools/inca/files/cdsvhdl.lib,4): cds.lib Invalid path '/edatools/cdnc/XCELIUM2309/tools/inca/files/AMBIT' (cds.lib command ignored).
DEFINE vital_memory ./VITAL_MEMORY
|
xmvlog: *W,DLCPTH (/edatools/cdnc/XCELIUM2309/tools/inca/files/cdsvhdl.lib,5): cds.lib Invalid path '/edatools/cdnc/XCELIUM2309/tools/inca/files/VITAL_MEMORY' (cds.lib command ignored).
DEFINE ncutils ./NCUTILS
|
xmvlog: *W,DLCPTH (/edatools/cdnc/XCELIUM2309/tools/inca/files/cdsvhdl.lib,6): cds.lib Invalid path '/edatools/cdnc/XCELIUM2309/tools/inca/files/NCUTILS' (cds.lib command ignored).
DEFINE ncinternal ./NCINTERNAL
|
xmvlog: *W,DLCPTH (/edatools/cdnc/XCELIUM2309/tools/inca/files/cdsvhdl.lib,7): cds.lib Invalid path '/edatools/cdnc/XCELIUM2309/tools/inca/files/NCINTERNAL' (cds.lib command ignored).
DEFINE ncmodels ./NCMODELS
|
xmvlog: *W,DLCPTH (/edatools/cdnc/XCELIUM2309/tools/inca/files/cdsvhdl.lib,8): cds.lib Invalid path '/edatools/cdnc/XCELIUM2309/tools/inca/files/NCMODELS' (cds.lib command ignored).
DEFINE xmutils ./XMUTILS
|
xmvlog: *W,DLCPTH (/edatools/cdnc/XCELIUM2309/tools/inca/files/cdsvhdl.lib,9): cds.lib Invalid path '/edatools/cdnc/XCELIUM2309/tools/inca/files/XMUTILS' (cds.lib command ignored).
DEFINE xminternal ./XMINTERNAL
|
xmvlog: *W,DLCPTH (/edatools/cdnc/XCELIUM2309/tools/inca/files/cdsvhdl.lib,10): cds.lib Invalid path '/edatools/cdnc/XCELIUM2309/tools/inca/files/XMINTERNAL' (cds.lib command ignored).
DEFINE xmmodels ./XMMODELS
|
xmvlog: *W,DLCPTH (/edatools/cdnc/XCELIUM2309/tools/inca/files/cdsvhdl.lib,11): cds.lib Invalid path '/edatools/cdnc/XCELIUM2309/tools/inca/files/XMMODELS' (cds.lib command ignored).
DEFINE cds_assertions ./CDS_ASSERTIONS
|
xmvlog: *W,DLCPTH (/edatools/cdnc/XCELIUM2309/tools/inca/files/cdsvhdl.lib,12): cds.lib Invalid path '/edatools/cdnc/XCELIUM2309/tools/inca/files/CDS_ASSERTIONS' (cds.lib command ignored).
DEFINE cds_inhconn ./CDS_INHCONN
|
xmvlog: *W,DLCPTH (/edatools/cdnc/XCELIUM2309/tools/inca/files/cdsvhdl.lib,13): cds.lib Invalid path '/edatools/cdnc/XCELIUM2309/tools/inca/files/CDS_INHCONN' (cds.lib command ignored).
DEFINE cds_spicelib ./CDS_SPICELIB
|
xmvlog: *W,DLCPTH (/edatools/cdnc/XCELIUM2309/tools/inca/files/cdsvhdl.lib,14): cds.lib Invalid path '/edatools/cdnc/XCELIUM2309/tools/inca/files/CDS_SPICELIB' (cds.lib command ignored).
DEFINE cds_amsfunctions ./CDS_AMSFUNCTIONS
|
xmvlog: *W,DLCPTH (/edatools/cdnc/XCELIUM2309/tools/inca/files/cdsvhdl.lib,15): cds.lib Invalid path '/edatools/cdnc/XCELIUM2309/tools/inca/files/CDS_AMSFUNCTIONS' (cds.lib command ignored).
file: mul_tb.sv
  std::randomize(arst);
                |
xmvlog: *W,FUNTSK (mul_tb.sv,52|16): function called as a task without void'().
  std::randomize(a);
                |
xmvlog: *W,FUNTSK (mul_tb.sv,56|16): function called as a task without void'().
  std::randomize(a, b) with{a >= b;};
                |
xmvlog: *W,FUNTSK (mul_tb.sv,60|16): function called as a task without void'().
  std::randomize(b);
                |
xmvlog: *W,FUNTSK (mul_tb.sv,64|16): function called as a task without void'().
  std::randomize(a, b) with{b >= a;};
                |
xmvlog: *W,FUNTSK (mul_tb.sv,68|16): function called as a task without void'().
  std::randomize(sel);
                |
xmvlog: *W,FUNTSK (mul_tb.sv,72|16): function called as a task without void'().
    a_random();
           |
xmvlog: *W,FUNTSK (mul_tb.sv,89|11): function called as a task without void'().
    b_random();
           |
xmvlog: *W,FUNTSK (mul_tb.sv,90|11): function called as a task without void'().
    a_greater_b_random();
                     |
xmvlog: *W,FUNTSK (mul_tb.sv,96|21): function called as a task without void'().
    b_greater_a_random();
                     |
xmvlog: *W,FUNTSK (mul_tb.sv,102|21): function called as a task without void'().
	interface worklib.mul_div_if:sv
		errors: 0, warnings: 10
	Total errors/warnings found outside modules and primitives:
		errors: 0, warnings: 15
DEFINE std       ./STD
|
xrun: *W,DLCPTH (/edatools/cdnc/XCELIUM2309/tools/inca/files/cdsvhdl.lib,1): cds.lib Invalid path '/edatools/cdnc/XCELIUM2309/tools/inca/files/STD' (cds.lib command ignored).
DEFINE synopsys  ./SYNOPSYS
|
xrun: *W,DLCPTH (/edatools/cdnc/XCELIUM2309/tools/inca/files/cdsvhdl.lib,2): cds.lib Invalid path '/edatools/cdnc/XCELIUM2309/tools/inca/files/SYNOPSYS' (cds.lib command ignored).
DEFINE ieee      ./IEEE
|
xrun: *W,DLCPTH (/edatools/cdnc/XCELIUM2309/tools/inca/files/cdsvhdl.lib,3): cds.lib Invalid path '/edatools/cdnc/XCELIUM2309/tools/inca/files/IEEE' (cds.lib command ignored).
DEFINE ambit     ./AMBIT
|
xrun: *W,DLCPTH (/edatools/cdnc/XCELIUM2309/tools/inca/files/cdsvhdl.lib,4): cds.lib Invalid path '/edatools/cdnc/XCELIUM2309/tools/inca/files/AMBIT' (cds.lib command ignored).
DEFINE vital_memory ./VITAL_MEMORY
|
xrun: *W,DLCPTH (/edatools/cdnc/XCELIUM2309/tools/inca/files/cdsvhdl.lib,5): cds.lib Invalid path '/edatools/cdnc/XCELIUM2309/tools/inca/files/VITAL_MEMORY' (cds.lib command ignored).
DEFINE ncutils ./NCUTILS
|
xrun: *W,DLCPTH (/edatools/cdnc/XCELIUM2309/tools/inca/files/cdsvhdl.lib,6): cds.lib Invalid path '/edatools/cdnc/XCELIUM2309/tools/inca/files/NCUTILS' (cds.lib command ignored).
DEFINE ncinternal ./NCINTERNAL
|
xrun: *W,DLCPTH (/edatools/cdnc/XCELIUM2309/tools/inca/files/cdsvhdl.lib,7): cds.lib Invalid path '/edatools/cdnc/XCELIUM2309/tools/inca/files/NCINTERNAL' (cds.lib command ignored).
DEFINE ncmodels ./NCMODELS
|
xrun: *W,DLCPTH (/edatools/cdnc/XCELIUM2309/tools/inca/files/cdsvhdl.lib,8): cds.lib Invalid path '/edatools/cdnc/XCELIUM2309/tools/inca/files/NCMODELS' (cds.lib command ignored).
DEFINE xmutils ./XMUTILS
|
xrun: *W,DLCPTH (/edatools/cdnc/XCELIUM2309/tools/inca/files/cdsvhdl.lib,9): cds.lib Invalid path '/edatools/cdnc/XCELIUM2309/tools/inca/files/XMUTILS' (cds.lib command ignored).
DEFINE xminternal ./XMINTERNAL
|
xrun: *W,DLCPTH (/edatools/cdnc/XCELIUM2309/tools/inca/files/cdsvhdl.lib,10): cds.lib Invalid path '/edatools/cdnc/XCELIUM2309/tools/inca/files/XMINTERNAL' (cds.lib command ignored).
DEFINE xmmodels ./XMMODELS
|
xrun: *W,DLCPTH (/edatools/cdnc/XCELIUM2309/tools/inca/files/cdsvhdl.lib,11): cds.lib Invalid path '/edatools/cdnc/XCELIUM2309/tools/inca/files/XMMODELS' (cds.lib command ignored).
DEFINE cds_assertions ./CDS_ASSERTIONS
|
xrun: *W,DLCPTH (/edatools/cdnc/XCELIUM2309/tools/inca/files/cdsvhdl.lib,12): cds.lib Invalid path '/edatools/cdnc/XCELIUM2309/tools/inca/files/CDS_ASSERTIONS' (cds.lib command ignored).
DEFINE cds_inhconn ./CDS_INHCONN
|
xrun: *W,DLCPTH (/edatools/cdnc/XCELIUM2309/tools/inca/files/cdsvhdl.lib,13): cds.lib Invalid path '/edatools/cdnc/XCELIUM2309/tools/inca/files/CDS_INHCONN' (cds.lib command ignored).
DEFINE cds_spicelib ./CDS_SPICELIB
|
xrun: *W,DLCPTH (/edatools/cdnc/XCELIUM2309/tools/inca/files/cdsvhdl.lib,14): cds.lib Invalid path '/edatools/cdnc/XCELIUM2309/tools/inca/files/CDS_SPICELIB' (cds.lib command ignored).
DEFINE cds_amsfunctions ./CDS_AMSFUNCTIONS
|
xrun: *W,DLCPTH (/edatools/cdnc/XCELIUM2309/tools/inca/files/cdsvhdl.lib,15): cds.lib Invalid path '/edatools/cdnc/XCELIUM2309/tools/inca/files/CDS_AMSFUNCTIONS' (cds.lib command ignored).
DEFINE std       ./STD
|
xrun: *W,DLCPTH (/edatools/cdnc/XCELIUM2309/tools/inca/files/cdsvhdl.lib,1): cds.lib Invalid path '/edatools/cdnc/XCELIUM2309/tools/inca/files/STD' (cds.lib command ignored).
DEFINE synopsys  ./SYNOPSYS
|
xrun: *W,DLCPTH (/edatools/cdnc/XCELIUM2309/tools/inca/files/cdsvhdl.lib,2): cds.lib Invalid path '/edatools/cdnc/XCELIUM2309/tools/inca/files/SYNOPSYS' (cds.lib command ignored).
DEFINE ieee      ./IEEE
|
xrun: *W,DLCPTH (/edatools/cdnc/XCELIUM2309/tools/inca/files/cdsvhdl.lib,3): cds.lib Invalid path '/edatools/cdnc/XCELIUM2309/tools/inca/files/IEEE' (cds.lib command ignored).
DEFINE ambit     ./AMBIT
|
xrun: *W,DLCPTH (/edatools/cdnc/XCELIUM2309/tools/inca/files/cdsvhdl.lib,4): cds.lib Invalid path '/edatools/cdnc/XCELIUM2309/tools/inca/files/AMBIT' (cds.lib command ignored).
DEFINE vital_memory ./VITAL_MEMORY
|
xrun: *W,DLCPTH (/edatools/cdnc/XCELIUM2309/tools/inca/files/cdsvhdl.lib,5): cds.lib Invalid path '/edatools/cdnc/XCELIUM2309/tools/inca/files/VITAL_MEMORY' (cds.lib command ignored).
DEFINE ncutils ./NCUTILS
|
xrun: *W,DLCPTH (/edatools/cdnc/XCELIUM2309/tools/inca/files/cdsvhdl.lib,6): cds.lib Invalid path '/edatools/cdnc/XCELIUM2309/tools/inca/files/NCUTILS' (cds.lib command ignored).
DEFINE ncinternal ./NCINTERNAL
|
xrun: *W,DLCPTH (/edatools/cdnc/XCELIUM2309/tools/inca/files/cdsvhdl.lib,7): cds.lib Invalid path '/edatools/cdnc/XCELIUM2309/tools/inca/files/NCINTERNAL' (cds.lib command ignored).
DEFINE ncmodels ./NCMODELS
|
xrun: *W,DLCPTH (/edatools/cdnc/XCELIUM2309/tools/inca/files/cdsvhdl.lib,8): cds.lib Invalid path '/edatools/cdnc/XCELIUM2309/tools/inca/files/NCMODELS' (cds.lib command ignored).
DEFINE xmutils ./XMUTILS
|
xrun: *W,DLCPTH (/edatools/cdnc/XCELIUM2309/tools/inca/files/cdsvhdl.lib,9): cds.lib Invalid path '/edatools/cdnc/XCELIUM2309/tools/inca/files/XMUTILS' (cds.lib command ignored).
DEFINE xminternal ./XMINTERNAL
|
xrun: *W,DLCPTH (/edatools/cdnc/XCELIUM2309/tools/inca/files/cdsvhdl.lib,10): cds.lib Invalid path '/edatools/cdnc/XCELIUM2309/tools/inca/files/XMINTERNAL' (cds.lib command ignored).
DEFINE xmmodels ./XMMODELS
|
xrun: *W,DLCPTH (/edatools/cdnc/XCELIUM2309/tools/inca/files/cdsvhdl.lib,11): cds.lib Invalid path '/edatools/cdnc/XCELIUM2309/tools/inca/files/XMMODELS' (cds.lib command ignored).
DEFINE cds_assertions ./CDS_ASSERTIONS
|
xrun: *W,DLCPTH (/edatools/cdnc/XCELIUM2309/tools/inca/files/cdsvhdl.lib,12): cds.lib Invalid path '/edatools/cdnc/XCELIUM2309/tools/inca/files/CDS_ASSERTIONS' (cds.lib command ignored).
DEFINE cds_inhconn ./CDS_INHCONN
|
xrun: *W,DLCPTH (/edatools/cdnc/XCELIUM2309/tools/inca/files/cdsvhdl.lib,13): cds.lib Invalid path '/edatools/cdnc/XCELIUM2309/tools/inca/files/CDS_INHCONN' (cds.lib command ignored).
DEFINE cds_spicelib ./CDS_SPICELIB
|
xrun: *W,DLCPTH (/edatools/cdnc/XCELIUM2309/tools/inca/files/cdsvhdl.lib,14): cds.lib Invalid path '/edatools/cdnc/XCELIUM2309/tools/inca/files/CDS_SPICELIB' (cds.lib command ignored).
DEFINE cds_amsfunctions ./CDS_AMSFUNCTIONS
|
xrun: *W,DLCPTH (/edatools/cdnc/XCELIUM2309/tools/inca/files/cdsvhdl.lib,15): cds.lib Invalid path '/edatools/cdnc/XCELIUM2309/tools/inca/files/CDS_AMSFUNCTIONS' (cds.lib command ignored).
DEFINE std       ./STD
|
xmelab: *W,DLCPTH (/edatools/cdnc/XCELIUM2309/tools/inca/files/cdsvhdl.lib,1): cds.lib Invalid path '/edatools/cdnc/XCELIUM2309/tools/inca/files/STD' (cds.lib command ignored).
DEFINE synopsys  ./SYNOPSYS
|
xmelab: *W,DLCPTH (/edatools/cdnc/XCELIUM2309/tools/inca/files/cdsvhdl.lib,2): cds.lib Invalid path '/edatools/cdnc/XCELIUM2309/tools/inca/files/SYNOPSYS' (cds.lib command ignored).
DEFINE ieee      ./IEEE
|
xmelab: *W,DLCPTH (/edatools/cdnc/XCELIUM2309/tools/inca/files/cdsvhdl.lib,3): cds.lib Invalid path '/edatools/cdnc/XCELIUM2309/tools/inca/files/IEEE' (cds.lib command ignored).
DEFINE ambit     ./AMBIT
|
xmelab: *W,DLCPTH (/edatools/cdnc/XCELIUM2309/tools/inca/files/cdsvhdl.lib,4): cds.lib Invalid path '/edatools/cdnc/XCELIUM2309/tools/inca/files/AMBIT' (cds.lib command ignored).
DEFINE vital_memory ./VITAL_MEMORY
|
xmelab: *W,DLCPTH (/edatools/cdnc/XCELIUM2309/tools/inca/files/cdsvhdl.lib,5): cds.lib Invalid path '/edatools/cdnc/XCELIUM2309/tools/inca/files/VITAL_MEMORY' (cds.lib command ignored).
DEFINE ncutils ./NCUTILS
|
xmelab: *W,DLCPTH (/edatools/cdnc/XCELIUM2309/tools/inca/files/cdsvhdl.lib,6): cds.lib Invalid path '/edatools/cdnc/XCELIUM2309/tools/inca/files/NCUTILS' (cds.lib command ignored).
DEFINE ncinternal ./NCINTERNAL
|
xmelab: *W,DLCPTH (/edatools/cdnc/XCELIUM2309/tools/inca/files/cdsvhdl.lib,7): cds.lib Invalid path '/edatools/cdnc/XCELIUM2309/tools/inca/files/NCINTERNAL' (cds.lib command ignored).
DEFINE ncmodels ./NCMODELS
|
xmelab: *W,DLCPTH (/edatools/cdnc/XCELIUM2309/tools/inca/files/cdsvhdl.lib,8): cds.lib Invalid path '/edatools/cdnc/XCELIUM2309/tools/inca/files/NCMODELS' (cds.lib command ignored).
DEFINE xmutils ./XMUTILS
|
xmelab: *W,DLCPTH (/edatools/cdnc/XCELIUM2309/tools/inca/files/cdsvhdl.lib,9): cds.lib Invalid path '/edatools/cdnc/XCELIUM2309/tools/inca/files/XMUTILS' (cds.lib command ignored).
DEFINE xminternal ./XMINTERNAL
|
xmelab: *W,DLCPTH (/edatools/cdnc/XCELIUM2309/tools/inca/files/cdsvhdl.lib,10): cds.lib Invalid path '/edatools/cdnc/XCELIUM2309/tools/inca/files/XMINTERNAL' (cds.lib command ignored).
DEFINE xmmodels ./XMMODELS
|
xmelab: *W,DLCPTH (/edatools/cdnc/XCELIUM2309/tools/inca/files/cdsvhdl.lib,11): cds.lib Invalid path '/edatools/cdnc/XCELIUM2309/tools/inca/files/XMMODELS' (cds.lib command ignored).
DEFINE cds_assertions ./CDS_ASSERTIONS
|
xmelab: *W,DLCPTH (/edatools/cdnc/XCELIUM2309/tools/inca/files/cdsvhdl.lib,12): cds.lib Invalid path '/edatools/cdnc/XCELIUM2309/tools/inca/files/CDS_ASSERTIONS' (cds.lib command ignored).
DEFINE cds_inhconn ./CDS_INHCONN
|
xmelab: *W,DLCPTH (/edatools/cdnc/XCELIUM2309/tools/inca/files/cdsvhdl.lib,13): cds.lib Invalid path '/edatools/cdnc/XCELIUM2309/tools/inca/files/CDS_INHCONN' (cds.lib command ignored).
DEFINE cds_spicelib ./CDS_SPICELIB
|
xmelab: *W,DLCPTH (/edatools/cdnc/XCELIUM2309/tools/inca/files/cdsvhdl.lib,14): cds.lib Invalid path '/edatools/cdnc/XCELIUM2309/tools/inca/files/CDS_SPICELIB' (cds.lib command ignored).
DEFINE cds_amsfunctions ./CDS_AMSFUNCTIONS
|
xmelab: *W,DLCPTH (/edatools/cdnc/XCELIUM2309/tools/inca/files/cdsvhdl.lib,15): cds.lib Invalid path '/edatools/cdnc/XCELIUM2309/tools/inca/files/CDS_AMSFUNCTIONS' (cds.lib command ignored).
		Caching library 'worklib' ....... Done
	Elaborating the design hierarchy:
		Caching library 'worklib' ....... Done
    mul_div #() DUT (
                  |
xmelab: *E,CUVMUR (./mul_tb.sv,6|18): instance 'mul_tb.DUT' of design unit 'mul_div' is unresolved in 'worklib.mul_tb:sv'.
xrun: *E,ELBERR: Error (*E) or soft error (*SE) occurred during elaboration (status 1), exiting.
TOOL:	xrun(64)	23.09-s001: Exiting on Feb 07, 2025 at 20:28:50 UTC  (total: 00:00:00)
