xrun(64): 23.09-s001: (c) Copyright 1995-2023 Cadence Design Systems, Inc.
TOOL:	xrun(64)	23.09-s001: Started on Feb 18, 2025 at 22:58:49 UTC
xrun
	-f list.f
		../rtl/sum1b.sv
		../rtl/mul1b.sv
		../rtl/step.sv
		../rtl/mul_cascode.sv
		../rtl/sign_logic.sv
		../rtl/exponent_logic.sv
		../rtl/normalizer.sv
		../rtl/rounding.sv
		../rtl/mul_div.sv
		../verif/mul_div_if.sv
		../verif/assertsmodule.sv
		../verif/mul_tb.sv
	-l ./logs/comp.log
	+define+XCELIUM+
	-access +rwc
	-timescale 1ns/1ps
	-sv
DEFINE std       ./STD
|
xrun: *W,DLCPTH (/edatools/cdnc/XCELIUM2309/tools/inca/files/cdsvhdl.lib,1): cds.lib Invalid path '/edatools/cdnc/XCELIUM2309/tools/inca/files/STD' (cds.lib command ignored).
DEFINE synopsys  ./SYNOPSYS
|
xrun: *W,DLCPTH (/edatools/cdnc/XCELIUM2309/tools/inca/files/cdsvhdl.lib,2): cds.lib Invalid path '/edatools/cdnc/XCELIUM2309/tools/inca/files/SYNOPSYS' (cds.lib command ignored).
DEFINE ieee      ./IEEE
|
xrun: *W,DLCPTH (/edatools/cdnc/XCELIUM2309/tools/inca/files/cdsvhdl.lib,3): cds.lib Invalid path '/edatools/cdnc/XCELIUM2309/tools/inca/files/IEEE' (cds.lib command ignored).
DEFINE ambit     ./AMBIT
|
xrun: *W,DLCPTH (/edatools/cdnc/XCELIUM2309/tools/inca/files/cdsvhdl.lib,4): cds.lib Invalid path '/edatools/cdnc/XCELIUM2309/tools/inca/files/AMBIT' (cds.lib command ignored).
DEFINE vital_memory ./VITAL_MEMORY
|
xrun: *W,DLCPTH (/edatools/cdnc/XCELIUM2309/tools/inca/files/cdsvhdl.lib,5): cds.lib Invalid path '/edatools/cdnc/XCELIUM2309/tools/inca/files/VITAL_MEMORY' (cds.lib command ignored).
DEFINE ncutils ./NCUTILS
|
xrun: *W,DLCPTH (/edatools/cdnc/XCELIUM2309/tools/inca/files/cdsvhdl.lib,6): cds.lib Invalid path '/edatools/cdnc/XCELIUM2309/tools/inca/files/NCUTILS' (cds.lib command ignored).
DEFINE ncinternal ./NCINTERNAL
|
xrun: *W,DLCPTH (/edatools/cdnc/XCELIUM2309/tools/inca/files/cdsvhdl.lib,7): cds.lib Invalid path '/edatools/cdnc/XCELIUM2309/tools/inca/files/NCINTERNAL' (cds.lib command ignored).
DEFINE ncmodels ./NCMODELS
|
xrun: *W,DLCPTH (/edatools/cdnc/XCELIUM2309/tools/inca/files/cdsvhdl.lib,8): cds.lib Invalid path '/edatools/cdnc/XCELIUM2309/tools/inca/files/NCMODELS' (cds.lib command ignored).
DEFINE xmutils ./XMUTILS
|
xrun: *W,DLCPTH (/edatools/cdnc/XCELIUM2309/tools/inca/files/cdsvhdl.lib,9): cds.lib Invalid path '/edatools/cdnc/XCELIUM2309/tools/inca/files/XMUTILS' (cds.lib command ignored).
DEFINE xminternal ./XMINTERNAL
|
xrun: *W,DLCPTH (/edatools/cdnc/XCELIUM2309/tools/inca/files/cdsvhdl.lib,10): cds.lib Invalid path '/edatools/cdnc/XCELIUM2309/tools/inca/files/XMINTERNAL' (cds.lib command ignored).
DEFINE xmmodels ./XMMODELS
|
xrun: *W,DLCPTH (/edatools/cdnc/XCELIUM2309/tools/inca/files/cdsvhdl.lib,11): cds.lib Invalid path '/edatools/cdnc/XCELIUM2309/tools/inca/files/XMMODELS' (cds.lib command ignored).
DEFINE cds_assertions ./CDS_ASSERTIONS
|
xrun: *W,DLCPTH (/edatools/cdnc/XCELIUM2309/tools/inca/files/cdsvhdl.lib,12): cds.lib Invalid path '/edatools/cdnc/XCELIUM2309/tools/inca/files/CDS_ASSERTIONS' (cds.lib command ignored).
DEFINE cds_inhconn ./CDS_INHCONN
|
xrun: *W,DLCPTH (/edatools/cdnc/XCELIUM2309/tools/inca/files/cdsvhdl.lib,13): cds.lib Invalid path '/edatools/cdnc/XCELIUM2309/tools/inca/files/CDS_INHCONN' (cds.lib command ignored).
DEFINE cds_spicelib ./CDS_SPICELIB
|
xrun: *W,DLCPTH (/edatools/cdnc/XCELIUM2309/tools/inca/files/cdsvhdl.lib,14): cds.lib Invalid path '/edatools/cdnc/XCELIUM2309/tools/inca/files/CDS_SPICELIB' (cds.lib command ignored).
DEFINE cds_amsfunctions ./CDS_AMSFUNCTIONS
|
xrun: *W,DLCPTH (/edatools/cdnc/XCELIUM2309/tools/inca/files/cdsvhdl.lib,15): cds.lib Invalid path '/edatools/cdnc/XCELIUM2309/tools/inca/files/CDS_AMSFUNCTIONS' (cds.lib command ignored).
DEFINE std       ./STD
|
xrun: *W,DLCPTH (/edatools/cdnc/XCELIUM2309/tools/inca/files/cdsvhdl.lib,1): cds.lib Invalid path '/edatools/cdnc/XCELIUM2309/tools/inca/files/STD' (cds.lib command ignored).
DEFINE synopsys  ./SYNOPSYS
|
xrun: *W,DLCPTH (/edatools/cdnc/XCELIUM2309/tools/inca/files/cdsvhdl.lib,2): cds.lib Invalid path '/edatools/cdnc/XCELIUM2309/tools/inca/files/SYNOPSYS' (cds.lib command ignored).
DEFINE ieee      ./IEEE
|
xrun: *W,DLCPTH (/edatools/cdnc/XCELIUM2309/tools/inca/files/cdsvhdl.lib,3): cds.lib Invalid path '/edatools/cdnc/XCELIUM2309/tools/inca/files/IEEE' (cds.lib command ignored).
DEFINE ambit     ./AMBIT
|
xrun: *W,DLCPTH (/edatools/cdnc/XCELIUM2309/tools/inca/files/cdsvhdl.lib,4): cds.lib Invalid path '/edatools/cdnc/XCELIUM2309/tools/inca/files/AMBIT' (cds.lib command ignored).
DEFINE vital_memory ./VITAL_MEMORY
|
xrun: *W,DLCPTH (/edatools/cdnc/XCELIUM2309/tools/inca/files/cdsvhdl.lib,5): cds.lib Invalid path '/edatools/cdnc/XCELIUM2309/tools/inca/files/VITAL_MEMORY' (cds.lib command ignored).
DEFINE ncutils ./NCUTILS
|
xrun: *W,DLCPTH (/edatools/cdnc/XCELIUM2309/tools/inca/files/cdsvhdl.lib,6): cds.lib Invalid path '/edatools/cdnc/XCELIUM2309/tools/inca/files/NCUTILS' (cds.lib command ignored).
DEFINE ncinternal ./NCINTERNAL
|
xrun: *W,DLCPTH (/edatools/cdnc/XCELIUM2309/tools/inca/files/cdsvhdl.lib,7): cds.lib Invalid path '/edatools/cdnc/XCELIUM2309/tools/inca/files/NCINTERNAL' (cds.lib command ignored).
DEFINE ncmodels ./NCMODELS
|
xrun: *W,DLCPTH (/edatools/cdnc/XCELIUM2309/tools/inca/files/cdsvhdl.lib,8): cds.lib Invalid path '/edatools/cdnc/XCELIUM2309/tools/inca/files/NCMODELS' (cds.lib command ignored).
DEFINE xmutils ./XMUTILS
|
xrun: *W,DLCPTH (/edatools/cdnc/XCELIUM2309/tools/inca/files/cdsvhdl.lib,9): cds.lib Invalid path '/edatools/cdnc/XCELIUM2309/tools/inca/files/XMUTILS' (cds.lib command ignored).
DEFINE xminternal ./XMINTERNAL
|
xrun: *W,DLCPTH (/edatools/cdnc/XCELIUM2309/tools/inca/files/cdsvhdl.lib,10): cds.lib Invalid path '/edatools/cdnc/XCELIUM2309/tools/inca/files/XMINTERNAL' (cds.lib command ignored).
DEFINE xmmodels ./XMMODELS
|
xrun: *W,DLCPTH (/edatools/cdnc/XCELIUM2309/tools/inca/files/cdsvhdl.lib,11): cds.lib Invalid path '/edatools/cdnc/XCELIUM2309/tools/inca/files/XMMODELS' (cds.lib command ignored).
DEFINE cds_assertions ./CDS_ASSERTIONS
|
xrun: *W,DLCPTH (/edatools/cdnc/XCELIUM2309/tools/inca/files/cdsvhdl.lib,12): cds.lib Invalid path '/edatools/cdnc/XCELIUM2309/tools/inca/files/CDS_ASSERTIONS' (cds.lib command ignored).
DEFINE cds_inhconn ./CDS_INHCONN
|
xrun: *W,DLCPTH (/edatools/cdnc/XCELIUM2309/tools/inca/files/cdsvhdl.lib,13): cds.lib Invalid path '/edatools/cdnc/XCELIUM2309/tools/inca/files/CDS_INHCONN' (cds.lib command ignored).
DEFINE cds_spicelib ./CDS_SPICELIB
|
xrun: *W,DLCPTH (/edatools/cdnc/XCELIUM2309/tools/inca/files/cdsvhdl.lib,14): cds.lib Invalid path '/edatools/cdnc/XCELIUM2309/tools/inca/files/CDS_SPICELIB' (cds.lib command ignored).
DEFINE cds_amsfunctions ./CDS_AMSFUNCTIONS
|
xrun: *W,DLCPTH (/edatools/cdnc/XCELIUM2309/tools/inca/files/cdsvhdl.lib,15): cds.lib Invalid path '/edatools/cdnc/XCELIUM2309/tools/inca/files/CDS_AMSFUNCTIONS' (cds.lib command ignored).
DEFINE std       ./STD
|
xrun: *W,DLCPTH (/edatools/cdnc/XCELIUM2309/tools/inca/files/cdsvhdl.lib,1): cds.lib Invalid path '/edatools/cdnc/XCELIUM2309/tools/inca/files/STD' (cds.lib command ignored).
DEFINE synopsys  ./SYNOPSYS
|
xrun: *W,DLCPTH (/edatools/cdnc/XCELIUM2309/tools/inca/files/cdsvhdl.lib,2): cds.lib Invalid path '/edatools/cdnc/XCELIUM2309/tools/inca/files/SYNOPSYS' (cds.lib command ignored).
DEFINE ieee      ./IEEE
|
xrun: *W,DLCPTH (/edatools/cdnc/XCELIUM2309/tools/inca/files/cdsvhdl.lib,3): cds.lib Invalid path '/edatools/cdnc/XCELIUM2309/tools/inca/files/IEEE' (cds.lib command ignored).
DEFINE ambit     ./AMBIT
|
xrun: *W,DLCPTH (/edatools/cdnc/XCELIUM2309/tools/inca/files/cdsvhdl.lib,4): cds.lib Invalid path '/edatools/cdnc/XCELIUM2309/tools/inca/files/AMBIT' (cds.lib command ignored).
DEFINE vital_memory ./VITAL_MEMORY
|
xrun: *W,DLCPTH (/edatools/cdnc/XCELIUM2309/tools/inca/files/cdsvhdl.lib,5): cds.lib Invalid path '/edatools/cdnc/XCELIUM2309/tools/inca/files/VITAL_MEMORY' (cds.lib command ignored).
DEFINE ncutils ./NCUTILS
|
xrun: *W,DLCPTH (/edatools/cdnc/XCELIUM2309/tools/inca/files/cdsvhdl.lib,6): cds.lib Invalid path '/edatools/cdnc/XCELIUM2309/tools/inca/files/NCUTILS' (cds.lib command ignored).
DEFINE ncinternal ./NCINTERNAL
|
xrun: *W,DLCPTH (/edatools/cdnc/XCELIUM2309/tools/inca/files/cdsvhdl.lib,7): cds.lib Invalid path '/edatools/cdnc/XCELIUM2309/tools/inca/files/NCINTERNAL' (cds.lib command ignored).
DEFINE ncmodels ./NCMODELS
|
xrun: *W,DLCPTH (/edatools/cdnc/XCELIUM2309/tools/inca/files/cdsvhdl.lib,8): cds.lib Invalid path '/edatools/cdnc/XCELIUM2309/tools/inca/files/NCMODELS' (cds.lib command ignored).
DEFINE xmutils ./XMUTILS
|
xrun: *W,DLCPTH (/edatools/cdnc/XCELIUM2309/tools/inca/files/cdsvhdl.lib,9): cds.lib Invalid path '/edatools/cdnc/XCELIUM2309/tools/inca/files/XMUTILS' (cds.lib command ignored).
DEFINE xminternal ./XMINTERNAL
|
xrun: *W,DLCPTH (/edatools/cdnc/XCELIUM2309/tools/inca/files/cdsvhdl.lib,10): cds.lib Invalid path '/edatools/cdnc/XCELIUM2309/tools/inca/files/XMINTERNAL' (cds.lib command ignored).
DEFINE xmmodels ./XMMODELS
|
xrun: *W,DLCPTH (/edatools/cdnc/XCELIUM2309/tools/inca/files/cdsvhdl.lib,11): cds.lib Invalid path '/edatools/cdnc/XCELIUM2309/tools/inca/files/XMMODELS' (cds.lib command ignored).
DEFINE cds_assertions ./CDS_ASSERTIONS
|
xrun: *W,DLCPTH (/edatools/cdnc/XCELIUM2309/tools/inca/files/cdsvhdl.lib,12): cds.lib Invalid path '/edatools/cdnc/XCELIUM2309/tools/inca/files/CDS_ASSERTIONS' (cds.lib command ignored).
DEFINE cds_inhconn ./CDS_INHCONN
|
xrun: *W,DLCPTH (/edatools/cdnc/XCELIUM2309/tools/inca/files/cdsvhdl.lib,13): cds.lib Invalid path '/edatools/cdnc/XCELIUM2309/tools/inca/files/CDS_INHCONN' (cds.lib command ignored).
DEFINE cds_spicelib ./CDS_SPICELIB
|
xrun: *W,DLCPTH (/edatools/cdnc/XCELIUM2309/tools/inca/files/cdsvhdl.lib,14): cds.lib Invalid path '/edatools/cdnc/XCELIUM2309/tools/inca/files/CDS_SPICELIB' (cds.lib command ignored).
DEFINE cds_amsfunctions ./CDS_AMSFUNCTIONS
|
xrun: *W,DLCPTH (/edatools/cdnc/XCELIUM2309/tools/inca/files/cdsvhdl.lib,15): cds.lib Invalid path '/edatools/cdnc/XCELIUM2309/tools/inca/files/CDS_AMSFUNCTIONS' (cds.lib command ignored).
DEFINE std       ./STD
|
xrun: *W,DLCPTH (/edatools/cdnc/XCELIUM2309/tools/inca/files/cdsvhdl.lib,1): cds.lib Invalid path '/edatools/cdnc/XCELIUM2309/tools/inca/files/STD' (cds.lib command ignored).
DEFINE synopsys  ./SYNOPSYS
|
xrun: *W,DLCPTH (/edatools/cdnc/XCELIUM2309/tools/inca/files/cdsvhdl.lib,2): cds.lib Invalid path '/edatools/cdnc/XCELIUM2309/tools/inca/files/SYNOPSYS' (cds.lib command ignored).
DEFINE ieee      ./IEEE
|
xrun: *W,DLCPTH (/edatools/cdnc/XCELIUM2309/tools/inca/files/cdsvhdl.lib,3): cds.lib Invalid path '/edatools/cdnc/XCELIUM2309/tools/inca/files/IEEE' (cds.lib command ignored).
DEFINE ambit     ./AMBIT
|
xrun: *W,DLCPTH (/edatools/cdnc/XCELIUM2309/tools/inca/files/cdsvhdl.lib,4): cds.lib Invalid path '/edatools/cdnc/XCELIUM2309/tools/inca/files/AMBIT' (cds.lib command ignored).
DEFINE vital_memory ./VITAL_MEMORY
|
xrun: *W,DLCPTH (/edatools/cdnc/XCELIUM2309/tools/inca/files/cdsvhdl.lib,5): cds.lib Invalid path '/edatools/cdnc/XCELIUM2309/tools/inca/files/VITAL_MEMORY' (cds.lib command ignored).
DEFINE ncutils ./NCUTILS
|
xrun: *W,DLCPTH (/edatools/cdnc/XCELIUM2309/tools/inca/files/cdsvhdl.lib,6): cds.lib Invalid path '/edatools/cdnc/XCELIUM2309/tools/inca/files/NCUTILS' (cds.lib command ignored).
DEFINE ncinternal ./NCINTERNAL
|
xrun: *W,DLCPTH (/edatools/cdnc/XCELIUM2309/tools/inca/files/cdsvhdl.lib,7): cds.lib Invalid path '/edatools/cdnc/XCELIUM2309/tools/inca/files/NCINTERNAL' (cds.lib command ignored).
DEFINE ncmodels ./NCMODELS
|
xrun: *W,DLCPTH (/edatools/cdnc/XCELIUM2309/tools/inca/files/cdsvhdl.lib,8): cds.lib Invalid path '/edatools/cdnc/XCELIUM2309/tools/inca/files/NCMODELS' (cds.lib command ignored).
DEFINE xmutils ./XMUTILS
|
xrun: *W,DLCPTH (/edatools/cdnc/XCELIUM2309/tools/inca/files/cdsvhdl.lib,9): cds.lib Invalid path '/edatools/cdnc/XCELIUM2309/tools/inca/files/XMUTILS' (cds.lib command ignored).
DEFINE xminternal ./XMINTERNAL
|
xrun: *W,DLCPTH (/edatools/cdnc/XCELIUM2309/tools/inca/files/cdsvhdl.lib,10): cds.lib Invalid path '/edatools/cdnc/XCELIUM2309/tools/inca/files/XMINTERNAL' (cds.lib command ignored).
DEFINE xmmodels ./XMMODELS
|
xrun: *W,DLCPTH (/edatools/cdnc/XCELIUM2309/tools/inca/files/cdsvhdl.lib,11): cds.lib Invalid path '/edatools/cdnc/XCELIUM2309/tools/inca/files/XMMODELS' (cds.lib command ignored).
DEFINE cds_assertions ./CDS_ASSERTIONS
|
xrun: *W,DLCPTH (/edatools/cdnc/XCELIUM2309/tools/inca/files/cdsvhdl.lib,12): cds.lib Invalid path '/edatools/cdnc/XCELIUM2309/tools/inca/files/CDS_ASSERTIONS' (cds.lib command ignored).
DEFINE cds_inhconn ./CDS_INHCONN
|
xrun: *W,DLCPTH (/edatools/cdnc/XCELIUM2309/tools/inca/files/cdsvhdl.lib,13): cds.lib Invalid path '/edatools/cdnc/XCELIUM2309/tools/inca/files/CDS_INHCONN' (cds.lib command ignored).
DEFINE cds_spicelib ./CDS_SPICELIB
|
xrun: *W,DLCPTH (/edatools/cdnc/XCELIUM2309/tools/inca/files/cdsvhdl.lib,14): cds.lib Invalid path '/edatools/cdnc/XCELIUM2309/tools/inca/files/CDS_SPICELIB' (cds.lib command ignored).
DEFINE cds_amsfunctions ./CDS_AMSFUNCTIONS
|
xrun: *W,DLCPTH (/edatools/cdnc/XCELIUM2309/tools/inca/files/cdsvhdl.lib,15): cds.lib Invalid path '/edatools/cdnc/XCELIUM2309/tools/inca/files/CDS_AMSFUNCTIONS' (cds.lib command ignored).
DEFINE std       ./STD
|
xrun: *W,DLCPTH (/edatools/cdnc/XCELIUM2309/tools/inca/files/cdsvhdl.lib,1): cds.lib Invalid path '/edatools/cdnc/XCELIUM2309/tools/inca/files/STD' (cds.lib command ignored).
DEFINE synopsys  ./SYNOPSYS
|
xrun: *W,DLCPTH (/edatools/cdnc/XCELIUM2309/tools/inca/files/cdsvhdl.lib,2): cds.lib Invalid path '/edatools/cdnc/XCELIUM2309/tools/inca/files/SYNOPSYS' (cds.lib command ignored).
DEFINE ieee      ./IEEE
|
xrun: *W,DLCPTH (/edatools/cdnc/XCELIUM2309/tools/inca/files/cdsvhdl.lib,3): cds.lib Invalid path '/edatools/cdnc/XCELIUM2309/tools/inca/files/IEEE' (cds.lib command ignored).
DEFINE ambit     ./AMBIT
|
xrun: *W,DLCPTH (/edatools/cdnc/XCELIUM2309/tools/inca/files/cdsvhdl.lib,4): cds.lib Invalid path '/edatools/cdnc/XCELIUM2309/tools/inca/files/AMBIT' (cds.lib command ignored).
DEFINE vital_memory ./VITAL_MEMORY
|
xrun: *W,DLCPTH (/edatools/cdnc/XCELIUM2309/tools/inca/files/cdsvhdl.lib,5): cds.lib Invalid path '/edatools/cdnc/XCELIUM2309/tools/inca/files/VITAL_MEMORY' (cds.lib command ignored).
DEFINE ncutils ./NCUTILS
|
xrun: *W,DLCPTH (/edatools/cdnc/XCELIUM2309/tools/inca/files/cdsvhdl.lib,6): cds.lib Invalid path '/edatools/cdnc/XCELIUM2309/tools/inca/files/NCUTILS' (cds.lib command ignored).
DEFINE ncinternal ./NCINTERNAL
|
xrun: *W,DLCPTH (/edatools/cdnc/XCELIUM2309/tools/inca/files/cdsvhdl.lib,7): cds.lib Invalid path '/edatools/cdnc/XCELIUM2309/tools/inca/files/NCINTERNAL' (cds.lib command ignored).
DEFINE ncmodels ./NCMODELS
|
xrun: *W,DLCPTH (/edatools/cdnc/XCELIUM2309/tools/inca/files/cdsvhdl.lib,8): cds.lib Invalid path '/edatools/cdnc/XCELIUM2309/tools/inca/files/NCMODELS' (cds.lib command ignored).
DEFINE xmutils ./XMUTILS
|
xrun: *W,DLCPTH (/edatools/cdnc/XCELIUM2309/tools/inca/files/cdsvhdl.lib,9): cds.lib Invalid path '/edatools/cdnc/XCELIUM2309/tools/inca/files/XMUTILS' (cds.lib command ignored).
DEFINE xminternal ./XMINTERNAL
|
xrun: *W,DLCPTH (/edatools/cdnc/XCELIUM2309/tools/inca/files/cdsvhdl.lib,10): cds.lib Invalid path '/edatools/cdnc/XCELIUM2309/tools/inca/files/XMINTERNAL' (cds.lib command ignored).
DEFINE xmmodels ./XMMODELS
|
xrun: *W,DLCPTH (/edatools/cdnc/XCELIUM2309/tools/inca/files/cdsvhdl.lib,11): cds.lib Invalid path '/edatools/cdnc/XCELIUM2309/tools/inca/files/XMMODELS' (cds.lib command ignored).
DEFINE cds_assertions ./CDS_ASSERTIONS
|
xrun: *W,DLCPTH (/edatools/cdnc/XCELIUM2309/tools/inca/files/cdsvhdl.lib,12): cds.lib Invalid path '/edatools/cdnc/XCELIUM2309/tools/inca/files/CDS_ASSERTIONS' (cds.lib command ignored).
DEFINE cds_inhconn ./CDS_INHCONN
|
xrun: *W,DLCPTH (/edatools/cdnc/XCELIUM2309/tools/inca/files/cdsvhdl.lib,13): cds.lib Invalid path '/edatools/cdnc/XCELIUM2309/tools/inca/files/CDS_INHCONN' (cds.lib command ignored).
DEFINE cds_spicelib ./CDS_SPICELIB
|
xrun: *W,DLCPTH (/edatools/cdnc/XCELIUM2309/tools/inca/files/cdsvhdl.lib,14): cds.lib Invalid path '/edatools/cdnc/XCELIUM2309/tools/inca/files/CDS_SPICELIB' (cds.lib command ignored).
DEFINE cds_amsfunctions ./CDS_AMSFUNCTIONS
|
xrun: *W,DLCPTH (/edatools/cdnc/XCELIUM2309/tools/inca/files/cdsvhdl.lib,15): cds.lib Invalid path '/edatools/cdnc/XCELIUM2309/tools/inca/files/CDS_AMSFUNCTIONS' (cds.lib command ignored).
DEFINE std       ./STD
|
xmvlog: *W,DLCPTH (/edatools/cdnc/XCELIUM2309/tools/inca/files/cdsvhdl.lib,1): cds.lib Invalid path '/edatools/cdnc/XCELIUM2309/tools/inca/files/STD' (cds.lib command ignored).
DEFINE synopsys  ./SYNOPSYS
|
xmvlog: *W,DLCPTH (/edatools/cdnc/XCELIUM2309/tools/inca/files/cdsvhdl.lib,2): cds.lib Invalid path '/edatools/cdnc/XCELIUM2309/tools/inca/files/SYNOPSYS' (cds.lib command ignored).
DEFINE ieee      ./IEEE
|
xmvlog: *W,DLCPTH (/edatools/cdnc/XCELIUM2309/tools/inca/files/cdsvhdl.lib,3): cds.lib Invalid path '/edatools/cdnc/XCELIUM2309/tools/inca/files/IEEE' (cds.lib command ignored).
DEFINE ambit     ./AMBIT
|
xmvlog: *W,DLCPTH (/edatools/cdnc/XCELIUM2309/tools/inca/files/cdsvhdl.lib,4): cds.lib Invalid path '/edatools/cdnc/XCELIUM2309/tools/inca/files/AMBIT' (cds.lib command ignored).
DEFINE vital_memory ./VITAL_MEMORY
|
xmvlog: *W,DLCPTH (/edatools/cdnc/XCELIUM2309/tools/inca/files/cdsvhdl.lib,5): cds.lib Invalid path '/edatools/cdnc/XCELIUM2309/tools/inca/files/VITAL_MEMORY' (cds.lib command ignored).
DEFINE ncutils ./NCUTILS
|
xmvlog: *W,DLCPTH (/edatools/cdnc/XCELIUM2309/tools/inca/files/cdsvhdl.lib,6): cds.lib Invalid path '/edatools/cdnc/XCELIUM2309/tools/inca/files/NCUTILS' (cds.lib command ignored).
DEFINE ncinternal ./NCINTERNAL
|
xmvlog: *W,DLCPTH (/edatools/cdnc/XCELIUM2309/tools/inca/files/cdsvhdl.lib,7): cds.lib Invalid path '/edatools/cdnc/XCELIUM2309/tools/inca/files/NCINTERNAL' (cds.lib command ignored).
DEFINE ncmodels ./NCMODELS
|
xmvlog: *W,DLCPTH (/edatools/cdnc/XCELIUM2309/tools/inca/files/cdsvhdl.lib,8): cds.lib Invalid path '/edatools/cdnc/XCELIUM2309/tools/inca/files/NCMODELS' (cds.lib command ignored).
DEFINE xmutils ./XMUTILS
|
xmvlog: *W,DLCPTH (/edatools/cdnc/XCELIUM2309/tools/inca/files/cdsvhdl.lib,9): cds.lib Invalid path '/edatools/cdnc/XCELIUM2309/tools/inca/files/XMUTILS' (cds.lib command ignored).
DEFINE xminternal ./XMINTERNAL
|
xmvlog: *W,DLCPTH (/edatools/cdnc/XCELIUM2309/tools/inca/files/cdsvhdl.lib,10): cds.lib Invalid path '/edatools/cdnc/XCELIUM2309/tools/inca/files/XMINTERNAL' (cds.lib command ignored).
DEFINE xmmodels ./XMMODELS
|
xmvlog: *W,DLCPTH (/edatools/cdnc/XCELIUM2309/tools/inca/files/cdsvhdl.lib,11): cds.lib Invalid path '/edatools/cdnc/XCELIUM2309/tools/inca/files/XMMODELS' (cds.lib command ignored).
DEFINE cds_assertions ./CDS_ASSERTIONS
|
xmvlog: *W,DLCPTH (/edatools/cdnc/XCELIUM2309/tools/inca/files/cdsvhdl.lib,12): cds.lib Invalid path '/edatools/cdnc/XCELIUM2309/tools/inca/files/CDS_ASSERTIONS' (cds.lib command ignored).
DEFINE cds_inhconn ./CDS_INHCONN
|
xmvlog: *W,DLCPTH (/edatools/cdnc/XCELIUM2309/tools/inca/files/cdsvhdl.lib,13): cds.lib Invalid path '/edatools/cdnc/XCELIUM2309/tools/inca/files/CDS_INHCONN' (cds.lib command ignored).
DEFINE cds_spicelib ./CDS_SPICELIB
|
xmvlog: *W,DLCPTH (/edatools/cdnc/XCELIUM2309/tools/inca/files/cdsvhdl.lib,14): cds.lib Invalid path '/edatools/cdnc/XCELIUM2309/tools/inca/files/CDS_SPICELIB' (cds.lib command ignored).
DEFINE cds_amsfunctions ./CDS_AMSFUNCTIONS
|
xmvlog: *W,DLCPTH (/edatools/cdnc/XCELIUM2309/tools/inca/files/cdsvhdl.lib,15): cds.lib Invalid path '/edatools/cdnc/XCELIUM2309/tools/inca/files/CDS_AMSFUNCTIONS' (cds.lib command ignored).
file: ../verif/mul_div_if.sv
  std::randomize(arst);
                |
xmvlog: *W,FUNTSK (../verif/mul_div_if.sv,28|16): function called as a task without void'().
    std::randomize(temp);
                  |
xmvlog: *W,FUNTSK (../verif/mul_div_if.sv,33|18): function called as a task without void'().
    std::randomize(temp);
                  |
xmvlog: *W,FUNTSK (../verif/mul_div_if.sv,39|18): function called as a task without void'().
      std::randomize(temp_a);
                    |
xmvlog: *W,FUNTSK (../verif/mul_div_if.sv,47|20): function called as a task without void'().
      std::randomize(temp_b);
                    |
xmvlog: *W,FUNTSK (../verif/mul_div_if.sv,48|20): function called as a task without void'().
      std::randomize(temp_a);
                    |
xmvlog: *W,FUNTSK (../verif/mul_div_if.sv,60|20): function called as a task without void'().
      std::randomize(temp_b);
                    |
xmvlog: *W,FUNTSK (../verif/mul_div_if.sv,61|20): function called as a task without void'().
  std::randomize(sel);
                |
xmvlog: *W,FUNTSK (../verif/mul_div_if.sv,82|16): function called as a task without void'().
file: ../verif/assertsmodule.sv
    assert property check_exponent_result_mult; @(posedge clk) 
                                             |
xmvlog: *E,ASPRLP (../verif/assertsmodule.sv,18|45): Expected an open parenthesis "(" after "property".
    assert property check_exponent_result_div; @(posedge clk) 
                                            |
xmvlog: *E,ASPRLP (../verif/assertsmodule.sv,25|44): Expected an open parenthesis "(" after "property".
    assert property check_div_b_0 @(posedge clk) 
                                |
xmvlog: *E,ASPRLP (../verif/assertsmodule.sv,32|32): Expected an open parenthesis "(" after "property".
    assert property p_mantissa_zero;
                                  |
xmvlog: *E,ASPRLP (../verif/assertsmodule.sv,41|34): Expected an open parenthesis "(" after "property".
    assert property p_mantissa_overflow;
                                      |
xmvlog: *E,ASPRLP (../verif/assertsmodule.sv,47|38): Expected an open parenthesis "(" after "property".
    assert property p_mantissa_normalization;
                                           |
xmvlog: *E,ASPRLP (../verif/assertsmodule.sv,53|43): Expected an open parenthesis "(" after "property".
    assert property p_mantissa_denormal;
                                      |
xmvlog: *E,ASPRLP (../verif/assertsmodule.sv,59|38): Expected an open parenthesis "(" after "property".
    assert property p_sign_correctness;
                                     |
xmvlog: *E,ASPRLP (../verif/assertsmodule.sv,65|37): Expected an open parenthesis "(" after "property".
	module worklib.assertsmodule:sv
		errors: 8, warnings: 0
	Total errors/warnings found outside modules and primitives:
		errors: 0, warnings: 15
xrun: *E,VLGERR: An error occurred during parsing.  Review the log file for errors with the code *E and fix those identified problems to proceed.  Exiting with code (status 1).
TOOL:	xrun(64)	23.09-s001: Exiting on Feb 18, 2025 at 22:58:49 UTC  (total: 00:00:00)
